<?xml version="1.0" encoding="UTF-8"?>
<testsuite xmlns:xsi="http://www.w3.org/2001/XMLSchema-instance" xsi:noNamespaceSchemaLocation="https://maven.apache.org/surefire/maven-surefire-plugin/xsd/surefire-test-report-3.0.xsd" version="3.0" name="com.TA.acceptancetests.shopping" time="44.117" tests="1" errors="0" skipped="0" failures="0">
  <properties>
[...]
</properties>
  <testcase name="User buy items" classname="Shopping" time="33.801">
    <system-out><![CDATA[17:52:22.560 [main] DEBUG n.t.c.u.PropertiesFileLocalPreferences - drivers.linux.webdriver.gecko.driver=src/test/resources/webdriver/linux/geckodriver
17:52:22.560 [main] DEBUG n.t.c.u.PropertiesFileLocalPreferences - environments.default.webdriver.base.url=https://qa-controller.emumbadevops.com
17:52:22.560 [main] DEBUG n.t.c.u.PropertiesFileLocalPreferences - drivers.windows.webdriver.chrome.driver=src/test/resources/webdriver/windows/chromedriver.exe
17:52:22.560 [main] DEBUG n.t.c.u.PropertiesFileLocalPreferences - environments.dev.login.page=#{webdriver.base.url}/login
17:52:22.560 [main] DEBUG n.t.c.u.PropertiesFileLocalPreferences - environments.default.login.page=#{webdriver.base.url}/login
17:52:22.560 [main] DEBUG n.t.c.u.PropertiesFileLocalPreferences - environments.all.serenity.restart.browser.for.each=NEVER
17:52:22.560 [main] DEBUG n.t.c.u.PropertiesFileLocalPreferences - drivers.mac.webdriver.chrome.driver=src/test/resources/webdriver/mac/chromedriver
17:52:22.560 [main] DEBUG n.t.c.u.PropertiesFileLocalPreferences - drivers.linux.webdriver.chrome.driver=src/test/resources/webdriver/linux/chromedriver
17:52:22.560 [main] DEBUG n.t.c.u.PropertiesFileLocalPreferences - drivers.windows.webdriver.ie.driver=src/test/resources/webdriver/windows/IEDriverServer.exe
17:52:22.560 [main] DEBUG n.t.c.u.PropertiesFileLocalPreferences - chrome.switches=--disable-features=VizDisplayCompositor;--start-maximized;--test-type;--no-sandbox;--ignore-certificate-errors;--disable-popup-blocking;--disable-default-apps;--disable-extensions-file-access-check;--incognito;--disable-infobars,--disable-gpu
17:52:22.560 [main] DEBUG n.t.c.u.PropertiesFileLocalPreferences - drivers.windows.webdriver.gecko.driver=src/test/resources/webdriver/windows/geckodriver.exe
17:52:22.560 [main] DEBUG n.t.c.u.PropertiesFileLocalPreferences - environments.staging.webdriver.base.url=https://staging-controller.emumbadevops.com
17:52:22.560 [main] DEBUG n.t.c.u.PropertiesFileLocalPreferences - environments.staging.login.page=#{webdriver.base.url}/login
17:52:22.560 [main] DEBUG n.t.c.u.PropertiesFileLocalPreferences - webdriver.driver=chrome
17:52:22.560 [main] DEBUG n.t.c.u.PropertiesFileLocalPreferences - drivers.mac.webdriver.gecko.driver=src/test/resources/webdriver/mac/geckodriver
17:52:22.560 [main] DEBUG n.t.c.u.PropertiesFileLocalPreferences - headless.mode=false
17:52:22.560 [main] DEBUG n.t.c.u.PropertiesFileLocalPreferences - webdriver.use.driver.service.pool=false
17:52:22.560 [main] DEBUG n.t.c.u.PropertiesFileLocalPreferences - environments.dev.webdriver.base.url=https://controller.emumbadevops.com
17:52:23.392 [main] INFO  i.c.core.plugin.SerenityReporter - Running feature from file:///D:/Emumba/MVN_Projects/Assignment(NewUpdate)/src/test/resources/features/shopping/shopping.feature
17:52:23.611 [main] DEBUG n.t.c.u.PropertiesFileLocalPreferences - drivers.linux.webdriver.gecko.driver=src/test/resources/webdriver/linux/geckodriver
17:52:23.611 [main] DEBUG n.t.c.u.PropertiesFileLocalPreferences - environments.default.webdriver.base.url=https://qa-controller.emumbadevops.com
17:52:23.611 [main] DEBUG n.t.c.u.PropertiesFileLocalPreferences - drivers.windows.webdriver.chrome.driver=src/test/resources/webdriver/windows/chromedriver.exe
17:52:23.611 [main] DEBUG n.t.c.u.PropertiesFileLocalPreferences - environments.dev.login.page=#{webdriver.base.url}/login
17:52:23.611 [main] DEBUG n.t.c.u.PropertiesFileLocalPreferences - environments.default.login.page=#{webdriver.base.url}/login
17:52:23.611 [main] DEBUG n.t.c.u.PropertiesFileLocalPreferences - environments.all.serenity.restart.browser.for.each=NEVER
17:52:23.626 [main] DEBUG n.t.c.u.PropertiesFileLocalPreferences - drivers.mac.webdriver.chrome.driver=src/test/resources/webdriver/mac/chromedriver
17:52:23.626 [main] DEBUG n.t.c.u.PropertiesFileLocalPreferences - drivers.linux.webdriver.chrome.driver=src/test/resources/webdriver/linux/chromedriver
17:52:23.626 [main] DEBUG n.t.c.u.PropertiesFileLocalPreferences - drivers.windows.webdriver.ie.driver=src/test/resources/webdriver/windows/IEDriverServer.exe
17:52:23.626 [main] DEBUG n.t.c.u.PropertiesFileLocalPreferences - chrome.switches=--disable-features=VizDisplayCompositor;--start-maximized;--test-type;--no-sandbox;--ignore-certificate-errors;--disable-popup-blocking;--disable-default-apps;--disable-extensions-file-access-check;--incognito;--disable-infobars,--disable-gpu
17:52:23.626 [main] DEBUG n.t.c.u.PropertiesFileLocalPreferences - drivers.windows.webdriver.gecko.driver=src/test/resources/webdriver/windows/geckodriver.exe
17:52:23.626 [main] DEBUG n.t.c.u.PropertiesFileLocalPreferences - environments.staging.webdriver.base.url=https://staging-controller.emumbadevops.com
17:52:23.626 [main] DEBUG n.t.c.u.PropertiesFileLocalPreferences - environments.staging.login.page=#{webdriver.base.url}/login
17:52:23.626 [main] DEBUG n.t.c.u.PropertiesFileLocalPreferences - webdriver.driver=chrome
17:52:23.626 [main] DEBUG n.t.c.u.PropertiesFileLocalPreferences - drivers.mac.webdriver.gecko.driver=src/test/resources/webdriver/mac/geckodriver
17:52:23.626 [main] DEBUG n.t.c.u.PropertiesFileLocalPreferences - headless.mode=false
17:52:23.626 [main] DEBUG n.t.c.u.PropertiesFileLocalPreferences - webdriver.use.driver.service.pool=false
17:52:23.626 [main] DEBUG n.t.c.u.PropertiesFileLocalPreferences - environments.dev.webdriver.base.url=https://controller.emumbadevops.com
17:52:23.626 [main] INFO   - 

-------------------------------------------------------------------------------------
     _______. _______ .______       _______ .__   __.  __  .___________.____    ____ 
    /       ||   ____||   _  \     |   ____||  \ |  | |  | |           |\   \  /   / 
   |   (----`|  |__   |  |_)  |    |  |__   |   \|  | |  | `---|  |----` \   \/   /  
    \   \    |   __|  |      /     |   __|  |  . `  | |  |     |  |       \_    _/   
.----)   |   |  |____ |  |\  \----.|  |____ |  |\   | |  |     |  |         |  |     
|_______/    |_______|| _| `._____||_______||__| \__| |__|     |__|         |__|    
                                                                                     
 News and tutorials at http://www.serenity-bdd.info                                  
 Documentation at https://wakaleo.gitbooks.io/the-serenity-book/content/             
 Join the Serenity Community on Gitter: https://gitter.im/serenity-bdd/serenity-core 
 Serenity BDD Support and Training at http://serenity-bdd.info/#/trainingandsupport  
-------------------------------------------------------------------------------------

17:52:23.626 [main] DEBUG n.thucydides.core.steps.StepEventBus - Test suite started for story net.thucydides.core.model.Story@b21e9dcf
17:52:23.642 [main] INFO   - Test Suite Started: Shopping
17:52:23.658 [main] INFO  i.c.core.plugin.SerenityReporter - Running feature from file:///D:/Emumba/MVN_Projects/Assignment(NewUpdate)/src/test/resources/features/shopping/shopping.feature
17:52:23.658 [main] DEBUG n.thucydides.core.steps.StepEventBus - Test suite started for story net.thucydides.core.model.Story@b21e9dcf
17:52:23.658 [main] INFO   - Test Suite Started: Shopping
17:52:23.845 [main] INFO  i.c.core.plugin.SerenityReporter - Running feature from file:///D:/Emumba/MVN_Projects/Assignment(NewUpdate)/src/test/resources/features/shopping/shopping.feature
17:52:23.954 [main] INFO   - 
  _____   ___   ___   _____     ___   _____     _     ___   _____   ___   ___  
 |_   _| | __| / __| |_   _|   / __| |_   _|   /_\   | _ \ |_   _| | __| |   \ 
   | |   | _|  \__ \   | |     \__ \   | |    / _ \  |   /   | |   | _|  | |) |
   |_|   |___| |___/   |_|     |___/   |_|   /_/ \_\ |_|_\   |_|   |___| |___/ 

User buy items(shopping;user-buy-items)
--------------------------------------------------------------------------------
17:52:24.095 [main] DEBUG n.t.c.r.m.cucumber.CucumberParser - Added feature Shopping
17:52:24.736 [main] DEBUG n.t.core.steps.StepInterceptor - STARTING STEP: shopping.UserIsOnTheWeatherPage - {0} opens the #url
17:52:24.799 [main] INFO  n.s.c.w.d.ChromeDriverProvider - Using automatically driver download
17:52:25.707 [main] DEBUG i.g.b.wdm.cache.ResolutionCache - Resolution chrome=98 in cache (valid until 18:47:34 15/02/2022 PKT)
17:52:25.707 [main] DEBUG i.g.b.wdm.cache.ResolutionCache - Resolution chrome98=98.0.4758.80 in cache (valid until 18:21:59 15/02/2022 PKT)
17:52:25.707 [main] INFO  i.g.bonigarcia.wdm.WebDriverManager - Using chromedriver 98.0.4758.80 (resolved driver for Chrome 98)
17:52:25.707 [main] DEBUG i.g.bonigarcia.wdm.WebDriverManager - Driver chromedriver 98.0.4758.80 found in cache
17:52:25.722 [main] INFO  i.g.bonigarcia.wdm.WebDriverManager - Exporting webdriver.chrome.driver as C:\Users\Emumba\.cache\selenium\chromedriver\win32\98.0.4758.80\chromedriver.exe
17:52:26.069 [main] DEBUG n.s.c.w.d.ProvideNewDriver - Instantiating driver
17:52:26.073 [main] DEBUG n.s.c.w.d.ProvideNewDriver - Driver capabilities: Capabilities {acceptInsecureCerts: false, browserName: chrome, driver: chrome, goog:chromeOptions: {args: [--disable-features=VizDispl..., --start-maximized, --test-type, --no-sandbox, --ignore-certificate-errors, --disable-popup-blocking, --disable-default-apps, --disable-extensions-file-a..., --incognito, --disable-infobars,--disabl...], extensions: []}, use.driver.service.pool: false}
17:52:26.195 [main] DEBUG i.n.u.i.l.InternalLoggerFactory - Using SLF4J as the default logging framework
17:52:26.195 [main] DEBUG io.netty.util.ResourceLeakDetector - -Dio.netty.leakDetection.level: simple
17:52:26.195 [main] DEBUG io.netty.util.ResourceLeakDetector - -Dio.netty.leakDetection.targetRecords: 4
17:52:26.195 [main] DEBUG i.n.util.ResourceLeakDetectorFactory - Loaded default ResourceLeakDetector: io.netty.util.ResourceLeakDetector@4fbb1144
17:52:26.226 [main] DEBUG i.n.util.internal.PlatformDependent0 - -Dio.netty.noUnsafe: false
17:52:26.226 [main] DEBUG i.n.util.internal.PlatformDependent0 - Java version: 11
17:52:26.226 [main] DEBUG i.n.util.internal.PlatformDependent0 - sun.misc.Unsafe.theUnsafe: available
17:52:26.226 [main] DEBUG i.n.util.internal.PlatformDependent0 - sun.misc.Unsafe.copyMemory: available
17:52:26.226 [main] DEBUG i.n.util.internal.PlatformDependent0 - java.nio.Buffer.address: available
17:52:26.226 [main] DEBUG i.n.util.internal.PlatformDependent0 - direct buffer constructor: unavailable: Reflective setAccessible(true) disabled
17:52:26.226 [main] DEBUG i.n.util.internal.PlatformDependent0 - java.nio.Bits.unaligned: available, true
17:52:26.226 [main] DEBUG i.n.util.internal.PlatformDependent0 - jdk.internal.misc.Unsafe.allocateUninitializedArray(int): unavailable: class io.netty.util.internal.PlatformDependent0$6 cannot access class jdk.internal.misc.Unsafe (in module java.base) because module java.base does not export jdk.internal.misc to unnamed module @40e4ea87
17:52:26.226 [main] DEBUG i.n.util.internal.PlatformDependent0 - java.nio.DirectByteBuffer.<init>(long, int): unavailable
17:52:26.226 [main] DEBUG i.n.util.internal.PlatformDependent - sun.misc.Unsafe: available
17:52:26.226 [main] DEBUG i.n.util.internal.PlatformDependent - maxDirectMemory: 4265607168 bytes (maybe)
17:52:26.226 [main] DEBUG i.n.util.internal.PlatformDependent - -Dio.netty.tmpdir: C:\Users\Emumba\AppData\Local\Temp (java.io.tmpdir)
17:52:26.226 [main] DEBUG i.n.util.internal.PlatformDependent - -Dio.netty.bitMode: 64 (sun.arch.data.model)
17:52:26.226 [main] DEBUG i.n.util.internal.PlatformDependent - Platform: Windows
17:52:26.226 [main] DEBUG i.n.util.internal.PlatformDependent - -Dio.netty.maxDirectMemory: -1 bytes
17:52:26.226 [main] DEBUG i.n.util.internal.PlatformDependent - -Dio.netty.uninitializedArrayAllocationThreshold: -1
17:52:26.226 [main] DEBUG io.netty.util.internal.CleanerJava9 - java.nio.ByteBuffer.cleaner(): available
17:52:26.226 [main] DEBUG i.n.util.internal.PlatformDependent - -Dio.netty.noPreferDirect: false
17:52:26.242 [main] DEBUG i.n.util.internal.PlatformDependent - org.jctools-core.MpscChunkedArrayQueue: available
17:52:26.257 [main] DEBUG i.n.u.i.InternalThreadLocalMap - -Dio.netty.threadLocalMap.stringBuilder.initialSize: 1024
17:52:26.257 [main] DEBUG i.n.u.i.InternalThreadLocalMap - -Dio.netty.threadLocalMap.stringBuilder.maxSize: 4096
17:52:26.288 [main] DEBUG io.netty.handler.ssl.JdkSslContext - Default protocols (JDK): [TLSv1.3, TLSv1.2] 
17:52:26.288 [main] DEBUG io.netty.handler.ssl.JdkSslContext - Default cipher suites (JDK): [TLS_ECDHE_ECDSA_WITH_AES_256_GCM_SHA384, TLS_ECDHE_ECDSA_WITH_AES_128_GCM_SHA256, TLS_ECDHE_RSA_WITH_AES_128_GCM_SHA256, TLS_ECDHE_RSA_WITH_AES_256_GCM_SHA384, TLS_ECDHE_RSA_WITH_AES_128_CBC_SHA, TLS_ECDHE_RSA_WITH_AES_256_CBC_SHA, TLS_RSA_WITH_AES_128_GCM_SHA256, TLS_RSA_WITH_AES_128_CBC_SHA, TLS_RSA_WITH_AES_256_CBC_SHA, TLS_AES_128_GCM_SHA256, TLS_AES_256_GCM_SHA384]
17:52:26.335 [main] DEBUG i.n.c.MultithreadEventLoopGroup - -Dio.netty.eventLoopThreads: 8
17:52:26.335 [main] DEBUG io.netty.channel.nio.NioEventLoop - -Dio.netty.noKeySetOptimization: false
17:52:26.335 [main] DEBUG io.netty.channel.nio.NioEventLoop - -Dio.netty.selectorAutoRebuildThreshold: 512
17:52:26.388 [main] DEBUG i.n.buffer.PooledByteBufAllocator - -Dio.netty.allocator.numHeapArenas: 8
17:52:26.388 [main] DEBUG i.n.buffer.PooledByteBufAllocator - -Dio.netty.allocator.numDirectArenas: 8
17:52:26.388 [main] DEBUG i.n.buffer.PooledByteBufAllocator - -Dio.netty.allocator.pageSize: 8192
17:52:26.404 [main] DEBUG i.n.buffer.PooledByteBufAllocator - -Dio.netty.allocator.maxOrder: 11
17:52:26.404 [main] DEBUG i.n.buffer.PooledByteBufAllocator - -Dio.netty.allocator.chunkSize: 16777216
17:52:26.404 [main] DEBUG i.n.buffer.PooledByteBufAllocator - -Dio.netty.allocator.smallCacheSize: 256
17:52:26.404 [main] DEBUG i.n.buffer.PooledByteBufAllocator - -Dio.netty.allocator.normalCacheSize: 64
17:52:26.404 [main] DEBUG i.n.buffer.PooledByteBufAllocator - -Dio.netty.allocator.maxCachedBufferCapacity: 32768
17:52:26.404 [main] DEBUG i.n.buffer.PooledByteBufAllocator - -Dio.netty.allocator.cacheTrimInterval: 8192
17:52:26.404 [main] DEBUG i.n.buffer.PooledByteBufAllocator - -Dio.netty.allocator.cacheTrimIntervalMillis: 0
17:52:26.404 [main] DEBUG i.n.buffer.PooledByteBufAllocator - -Dio.netty.allocator.useCacheForAllThreads: true
17:52:26.404 [main] DEBUG i.n.buffer.PooledByteBufAllocator - -Dio.netty.allocator.maxCachedByteBuffersPerChunk: 1023
17:52:26.404 [main] DEBUG io.netty.buffer.ByteBufUtil - -Dio.netty.allocator.type: pooled
17:52:26.404 [main] DEBUG io.netty.buffer.ByteBufUtil - -Dio.netty.threadLocalDirectBufferSize: 0
17:52:26.404 [main] DEBUG io.netty.buffer.ByteBufUtil - -Dio.netty.maxThreadLocalCharBufferSize: 16384
17:52:27.244 [Forwarding newSession on session null to remote] DEBUG io.netty.channel.DefaultChannelId - -Dio.netty.processId: 2468 (auto-detected)
17:52:27.260 [Forwarding newSession on session null to remote] DEBUG io.netty.util.NetUtil - -Djava.net.preferIPv4Stack: false
17:52:27.260 [Forwarding newSession on session null to remote] DEBUG io.netty.util.NetUtil - -Djava.net.preferIPv6Addresses: false
17:52:27.545 [Forwarding newSession on session null to remote] DEBUG io.netty.util.NetUtilInitializations - Loopback interface: lo (Software Loopback Interface 1, 127.0.0.1)
17:52:27.545 [Forwarding newSession on session null to remote] DEBUG io.netty.util.NetUtil - Failed to get SOMAXCONN from sysctl and file \proc\sys\net\core\somaxconn. Default: 200
17:52:27.829 [Forwarding newSession on session null to remote] DEBUG io.netty.channel.DefaultChannelId - -Dio.netty.machineId: 44:85:00:ff:fe:b8:08:8f (auto-detected)
17:52:27.892 [AsyncHttpClient-1-2] DEBUG io.netty.buffer.AbstractByteBuf - -Dio.netty.buffer.checkAccessible: true
17:52:27.892 [AsyncHttpClient-1-2] DEBUG io.netty.buffer.AbstractByteBuf - -Dio.netty.buffer.checkBounds: true
17:52:27.892 [AsyncHttpClient-1-2] DEBUG i.n.util.ResourceLeakDetectorFactory - Loaded default ResourceLeakDetector: io.netty.util.ResourceLeakDetector@32b483b1
17:52:27.923 [AsyncHttpClient-1-2] DEBUG o.a.n.channel.NettyConnectListener - Using new Channel '[id: 0x4555661c, L:/127.0.0.1:57365 - R:localhost/127.0.0.1:61800]' for 'POST' to '/session'
17:52:27.938 [AsyncHttpClient-1-2] DEBUG io.netty.util.Recycler - -Dio.netty.recycler.maxCapacityPerThread: 4096
17:52:27.938 [AsyncHttpClient-1-2] DEBUG io.netty.util.Recycler - -Dio.netty.recycler.maxSharedCapacityFactor: 2
17:52:27.938 [AsyncHttpClient-1-2] DEBUG io.netty.util.Recycler - -Dio.netty.recycler.linkCapacity: 16
17:52:27.938 [AsyncHttpClient-1-2] DEBUG io.netty.util.Recycler - -Dio.netty.recycler.ratio: 8
17:52:27.938 [AsyncHttpClient-1-2] DEBUG io.netty.util.Recycler - -Dio.netty.recycler.delayedQueue.ratio: 8
17:52:28.739 [AsyncHttpClient-1-2] DEBUG i.n.handler.codec.compression.Brotli - brotli4j not in the classpath; Brotli support will be unavailable.
17:52:28.743 [AsyncHttpClient-1-2] DEBUG o.a.netty.handler.HttpHandler - 

Request DefaultHttpRequest(decodeResult: success, version: HTTP/1.1)
POST /session HTTP/1.1
User-Agent: selenium/4.1.1 (java windows)
Content-Length: 1243
Content-Type: application/json; charset=utf-8
host: localhost:61800
accept: */*

Response DefaultHttpResponse(decodeResult: success, version: HTTP/1.1)
HTTP/1.1 200 OK
Content-Type: application/json; charset=utf-8
cache-control: no-cache
content-length: 787

17:52:28.757 [AsyncHttpClient-1-2] DEBUG o.a.netty.channel.ChannelManager - Adding key: http://localhost:61800 for channel [id: 0x4555661c, L:/127.0.0.1:57365 - R:localhost/127.0.0.1:61800]
17:52:28.914 [AsyncHttpClient-1-3] DEBUG o.a.n.channel.NettyConnectListener - Using new Channel '[id: 0x99ffc9cb, L:/127.0.0.1:57372 - R:localhost/127.0.0.1:57366]' for 'GET' to '/json/version'
17:52:28.930 [AsyncHttpClient-1-3] DEBUG o.a.netty.handler.HttpHandler - 

Request DefaultFullHttpRequest(decodeResult: success, version: HTTP/1.1, content: EmptyByteBufBE)
GET /json/version HTTP/1.1
User-Agent: selenium/4.1.1 (java windows)
host: localhost:57366
accept: */*

Response DefaultHttpResponse(decodeResult: success, version: HTTP/1.1)
HTTP/1.1 200 OK
Content-Type: application/json; charset=UTF-8
content-length: 423

17:52:28.930 [AsyncHttpClient-1-3] DEBUG o.a.netty.channel.ChannelManager - Adding key: http://localhost:57366 for channel [id: 0x99ffc9cb, L:/127.0.0.1:57372 - R:localhost/127.0.0.1:57366]
17:52:28.954 [main] DEBUG i.n.util.internal.ThreadLocalRandom - -Dio.netty.initialSeedUniquifier: 0x5afe9bddcb6a3ae7
17:52:28.963 [AsyncHttpClient-1-4] DEBUG o.a.n.channel.NettyConnectListener - Using new Channel '[id: 0xaae0289a, L:/127.0.0.1:57374 - R:localhost/127.0.0.1:57366]' for 'GET' to '/devtools/browser/1ac92f1c-c2ce-4074-8137-3fc4b04a686c'
17:52:28.965 [AsyncHttpClient-1-4] DEBUG o.a.netty.handler.WebSocketHandler - 

Request DefaultFullHttpRequest(decodeResult: success, version: HTTP/1.1, content: EmptyByteBufBE)
GET /devtools/browser/1ac92f1c-c2ce-4074-8137-3fc4b04a686c HTTP/1.1
upgrade: websocket
connection: upgrade
sec-websocket-key: lXOMktA8b2QRrLdvkJxe0A==
sec-websocket-version: 13
origin: http://localhost:57366
host: localhost:57366
accept: */*
user-agent: AHC/2.1

Response DefaultHttpResponse(decodeResult: success, version: HTTP/1.1)
HTTP/1.1 101 WebSocket Protocol Handshake
Upgrade: WebSocket
Connection: Upgrade
Sec-WebSocket-Accept: W1qmKwIe8XTlYcDycLT0MYcdci0=

17:52:29.297 [Forwarding get on session 894a5667ed4874eae83f34446ccc6339 to remote] DEBUG o.a.netty.request.NettyRequestSender - Using pooled Channel '[id: 0x4555661c, L:/127.0.0.1:57365 - R:localhost/127.0.0.1:61800]' for 'POST' to 'http://localhost:61800/session/894a5667ed4874eae83f34446ccc6339/url'
17:52:29.297 [Forwarding get on session 894a5667ed4874eae83f34446ccc6339 to remote] DEBUG o.a.netty.request.NettyRequestSender - Using open Channel [id: 0x4555661c, L:/127.0.0.1:57365 - R:localhost/127.0.0.1:61800] for POST '/session/894a5667ed4874eae83f34446ccc6339/url'
17:52:29.563 [AsyncHttpClient-1-1] DEBUG o.a.netty.channel.DefaultChannelPool - Entry count for : http://localhost:57366 : 1
17:52:30.659 [AsyncHttpClient-1-1] DEBUG o.a.netty.channel.DefaultChannelPool - Entry count for : http://localhost:57366 : 1
17:52:31.201 [AsyncHttpClient-1-2] DEBUG o.a.netty.handler.HttpHandler - 

Request DefaultHttpRequest(decodeResult: success, version: HTTP/1.1)
POST /session/894a5667ed4874eae83f34446ccc6339/url HTTP/1.1
User-Agent: selenium/4.1.1 (java windows)
Content-Length: 72
Content-Type: application/json; charset=utf-8
host: localhost:61800
accept: */*

Response DefaultHttpResponse(decodeResult: success, version: HTTP/1.1)
HTTP/1.1 200 OK
Content-Type: application/json; charset=utf-8
cache-control: no-cache
content-length: 14

17:52:31.202 [AsyncHttpClient-1-2] DEBUG o.a.netty.channel.ChannelManager - Adding key: http://localhost:61800 for channel [id: 0x4555661c, L:/127.0.0.1:57365 - R:localhost/127.0.0.1:61800]
17:52:31.210 [Forwarding setTimeout on session 894a5667ed4874eae83f34446ccc6339 to remote] DEBUG o.a.netty.request.NettyRequestSender - Using pooled Channel '[id: 0x4555661c, L:/127.0.0.1:57365 - R:localhost/127.0.0.1:61800]' for 'POST' to 'http://localhost:61800/session/894a5667ed4874eae83f34446ccc6339/timeouts'
17:52:31.211 [Forwarding setTimeout on session 894a5667ed4874eae83f34446ccc6339 to remote] DEBUG o.a.netty.request.NettyRequestSender - Using open Channel [id: 0x4555661c, L:/127.0.0.1:57365 - R:localhost/127.0.0.1:61800] for POST '/session/894a5667ed4874eae83f34446ccc6339/timeouts'
17:52:31.214 [AsyncHttpClient-1-2] DEBUG o.a.netty.handler.HttpHandler - 

Request DefaultHttpRequest(decodeResult: success, version: HTTP/1.1)
POST /session/894a5667ed4874eae83f34446ccc6339/timeouts HTTP/1.1
User-Agent: selenium/4.1.1 (java windows)
Content-Length: 22
Content-Type: application/json; charset=utf-8
host: localhost:61800
accept: */*

Response DefaultHttpResponse(decodeResult: success, version: HTTP/1.1)
HTTP/1.1 200 OK
Content-Type: application/json; charset=utf-8
cache-control: no-cache
content-length: 14

17:52:31.215 [AsyncHttpClient-1-2] DEBUG o.a.netty.channel.ChannelManager - Adding key: http://localhost:61800 for channel [id: 0x4555661c, L:/127.0.0.1:57365 - R:localhost/127.0.0.1:61800]
17:52:31.226 [Forwarding getCurrentUrl on session 894a5667ed4874eae83f34446ccc6339 to remote] DEBUG o.a.netty.request.NettyRequestSender - Using pooled Channel '[id: 0x4555661c, L:/127.0.0.1:57365 - R:localhost/127.0.0.1:61800]' for 'GET' to 'http://localhost:61800/session/894a5667ed4874eae83f34446ccc6339/url'
17:52:31.226 [Forwarding getCurrentUrl on session 894a5667ed4874eae83f34446ccc6339 to remote] DEBUG o.a.netty.request.NettyRequestSender - Using open Channel [id: 0x4555661c, L:/127.0.0.1:57365 - R:localhost/127.0.0.1:61800] for GET '/session/894a5667ed4874eae83f34446ccc6339/url'
17:52:31.234 [AsyncHttpClient-1-2] DEBUG o.a.netty.handler.HttpHandler - 

Request DefaultFullHttpRequest(decodeResult: success, version: HTTP/1.1, content: EmptyByteBufBE)
GET /session/894a5667ed4874eae83f34446ccc6339/url HTTP/1.1
User-Agent: selenium/4.1.1 (java windows)
Cache-Control: no-cache
Content-Type: application/json; charset=utf-8
host: localhost:61800
accept: */*

Response DefaultHttpResponse(decodeResult: success, version: HTTP/1.1)
HTTP/1.1 200 OK
Content-Type: application/json; charset=utf-8
cache-control: no-cache
content-length: 54

17:52:31.235 [AsyncHttpClient-1-2] DEBUG o.a.netty.channel.ChannelManager - Adding key: http://localhost:61800 for channel [id: 0x4555661c, L:/127.0.0.1:57365 - R:localhost/127.0.0.1:61800]
17:52:31.267 [main] DEBUG n.s.core.photography.Darkroom - Opening darkroom
17:52:31.267 [Darkroom Processing Line] DEBUG n.s.c.p.DarkroomProcessingLine - Darkroom processing line starting up
17:52:31.267 [Forwarding screenshot on session 894a5667ed4874eae83f34446ccc6339 to remote] DEBUG o.a.netty.request.NettyRequestSender - Using pooled Channel '[id: 0x4555661c, L:/127.0.0.1:57365 - R:localhost/127.0.0.1:61800]' for 'GET' to 'http://localhost:61800/session/894a5667ed4874eae83f34446ccc6339/screenshot'
17:52:31.267 [Forwarding screenshot on session 894a5667ed4874eae83f34446ccc6339 to remote] DEBUG o.a.netty.request.NettyRequestSender - Using open Channel [id: 0x4555661c, L:/127.0.0.1:57365 - R:localhost/127.0.0.1:61800] for GET '/session/894a5667ed4874eae83f34446ccc6339/screenshot'
17:52:31.530 [AsyncHttpClient-1-2] DEBUG o.a.netty.handler.HttpHandler - 

Request DefaultFullHttpRequest(decodeResult: success, version: HTTP/1.1, content: EmptyByteBufBE)
GET /session/894a5667ed4874eae83f34446ccc6339/screenshot HTTP/1.1
User-Agent: selenium/4.1.1 (java windows)
Cache-Control: no-cache
Content-Type: application/json; charset=utf-8
host: localhost:61800
accept: */*

Response DefaultHttpResponse(decodeResult: success, version: HTTP/1.1)
HTTP/1.1 200 OK
Content-Type: application/json; charset=utf-8
cache-control: no-cache
content-length: 83944

17:52:31.530 [AsyncHttpClient-1-2] DEBUG o.a.netty.channel.ChannelManager - Adding key: http://localhost:61800 for channel [id: 0x4555661c, L:/127.0.0.1:57365 - R:localhost/127.0.0.1:61800]
17:52:31.673 [main] DEBUG n.s.core.photography.Darkroom - Send negative for processing for target\site\serenity\a1929ed9c3924f8725a82f49c5ccf979b877025d0f5f6befdf0666d5200a548f.png
17:52:31.673 [Darkroom Processing Line] DEBUG n.s.c.p.DarkroomProcessingLine - Processing screenshot image in /var/screenshots/screenshot-14392180171233252108
17:52:31.673 [Darkroom Processing Line] DEBUG n.s.c.p.DarkroomProcessingLine - Saving screenshot to target\site\serenity\a1929ed9c3924f8725a82f49c5ccf979b877025d0f5f6befdf0666d5200a548f.png
17:52:31.688 [main] DEBUG n.t.core.steps.StepInterceptor - STEP DONE: {0} opens the #url
17:52:31.720 [main] DEBUG n.s.s.targets.IFrameSwitcher - default content already selected for weather
17:52:31.757 [AsyncHttpClient-1-1] DEBUG o.a.netty.channel.DefaultChannelPool - Entry count for : http://localhost:61800 : 1
17:52:31.757 [AsyncHttpClient-1-1] DEBUG o.a.netty.channel.DefaultChannelPool - Entry count for : http://localhost:57366 : 1
17:52:31.772 [Forwarding findElements on session 894a5667ed4874eae83f34446ccc6339 to remote] DEBUG o.a.netty.request.NettyRequestSender - Using pooled Channel '[id: 0x4555661c, L:/127.0.0.1:57365 - R:localhost/127.0.0.1:61800]' for 'POST' to 'http://localhost:61800/session/894a5667ed4874eae83f34446ccc6339/elements'
17:52:31.772 [Forwarding findElements on session 894a5667ed4874eae83f34446ccc6339 to remote] DEBUG o.a.netty.request.NettyRequestSender - Using open Channel [id: 0x4555661c, L:/127.0.0.1:57365 - R:localhost/127.0.0.1:61800] for POST '/session/894a5667ed4874eae83f34446ccc6339/elements'
17:52:31.788 [AsyncHttpClient-1-2] DEBUG o.a.netty.handler.HttpHandler - 

Request DefaultHttpRequest(decodeResult: success, version: HTTP/1.1)
POST /session/894a5667ed4874eae83f34446ccc6339/elements HTTP/1.1
User-Agent: selenium/4.1.1 (java windows)
Content-Length: 83
Content-Type: application/json; charset=utf-8
host: localhost:61800
accept: */*

Response DefaultHttpResponse(decodeResult: success, version: HTTP/1.1)
HTTP/1.1 200 OK
Content-Type: application/json; charset=utf-8
cache-control: no-cache
content-length: 90

17:52:31.788 [AsyncHttpClient-1-2] DEBUG o.a.netty.channel.ChannelManager - Adding key: http://localhost:61800 for channel [id: 0x4555661c, L:/127.0.0.1:57365 - R:localhost/127.0.0.1:61800]
17:52:31.803 [Forwarding getElementText on session 894a5667ed4874eae83f34446ccc6339 to remote] DEBUG o.a.netty.request.NettyRequestSender - Using pooled Channel '[id: 0x4555661c, L:/127.0.0.1:57365 - R:localhost/127.0.0.1:61800]' for 'GET' to 'http://localhost:61800/session/894a5667ed4874eae83f34446ccc6339/element/bb9294fa-6106-4845-8983-7250f39b5f83/text'
17:52:31.803 [Forwarding getElementText on session 894a5667ed4874eae83f34446ccc6339 to remote] DEBUG o.a.netty.request.NettyRequestSender - Using open Channel [id: 0x4555661c, L:/127.0.0.1:57365 - R:localhost/127.0.0.1:61800] for GET '/session/894a5667ed4874eae83f34446ccc6339/element/bb9294fa-6106-4845-8983-7250f39b5f83/text'
17:52:31.820 [AsyncHttpClient-1-2] DEBUG o.a.netty.handler.HttpHandler - 

Request DefaultFullHttpRequest(decodeResult: success, version: HTTP/1.1, content: EmptyByteBufBE)
GET /session/894a5667ed4874eae83f34446ccc6339/element/bb9294fa-6106-4845-8983-7250f39b5f83/text HTTP/1.1
User-Agent: selenium/4.1.1 (java windows)
Cache-Control: no-cache
Content-Type: application/json; charset=utf-8
host: localhost:61800
accept: */*

Response DefaultHttpResponse(decodeResult: success, version: HTTP/1.1)
HTTP/1.1 200 OK
Content-Type: application/json; charset=utf-8
cache-control: no-cache
content-length: 18

17:52:31.820 [AsyncHttpClient-1-2] DEBUG o.a.netty.channel.ChannelManager - Adding key: http://localhost:61800 for channel [id: 0x4555661c, L:/127.0.0.1:57365 - R:localhost/127.0.0.1:61800]
17:52:31.835 [Forwarding screenshot on session 894a5667ed4874eae83f34446ccc6339 to remote] DEBUG o.a.netty.request.NettyRequestSender - Using pooled Channel '[id: 0x4555661c, L:/127.0.0.1:57365 - R:localhost/127.0.0.1:61800]' for 'GET' to 'http://localhost:61800/session/894a5667ed4874eae83f34446ccc6339/screenshot'
17:52:31.835 [Forwarding screenshot on session 894a5667ed4874eae83f34446ccc6339 to remote] DEBUG o.a.netty.request.NettyRequestSender - Using open Channel [id: 0x4555661c, L:/127.0.0.1:57365 - R:localhost/127.0.0.1:61800] for GET '/session/894a5667ed4874eae83f34446ccc6339/screenshot'
17:52:31.991 [AsyncHttpClient-1-2] DEBUG o.a.netty.handler.HttpHandler - 

Request DefaultFullHttpRequest(decodeResult: success, version: HTTP/1.1, content: EmptyByteBufBE)
GET /session/894a5667ed4874eae83f34446ccc6339/screenshot HTTP/1.1
User-Agent: selenium/4.1.1 (java windows)
Cache-Control: no-cache
Content-Type: application/json; charset=utf-8
host: localhost:61800
accept: */*

Response DefaultHttpResponse(decodeResult: success, version: HTTP/1.1)
HTTP/1.1 200 OK
Content-Type: application/json; charset=utf-8
cache-control: no-cache
content-length: 83944

17:52:31.991 [AsyncHttpClient-1-2] DEBUG o.a.netty.channel.ChannelManager - Adding key: http://localhost:61800 for channel [id: 0x4555661c, L:/127.0.0.1:57365 - R:localhost/127.0.0.1:61800]
17:52:31.991 [main] DEBUG n.s.core.photography.Darkroom - Send negative for processing for target\site\serenity\a1929ed9c3924f8725a82f49c5ccf979b877025d0f5f6befdf0666d5200a548f.png
17:52:32.135 [Forwarding screenshot on session 894a5667ed4874eae83f34446ccc6339 to remote] DEBUG o.a.netty.request.NettyRequestSender - Using pooled Channel '[id: 0x4555661c, L:/127.0.0.1:57365 - R:localhost/127.0.0.1:61800]' for 'GET' to 'http://localhost:61800/session/894a5667ed4874eae83f34446ccc6339/screenshot'
17:52:32.135 [Forwarding screenshot on session 894a5667ed4874eae83f34446ccc6339 to remote] DEBUG o.a.netty.request.NettyRequestSender - Using open Channel [id: 0x4555661c, L:/127.0.0.1:57365 - R:localhost/127.0.0.1:61800] for GET '/session/894a5667ed4874eae83f34446ccc6339/screenshot'
17:52:32.320 [AsyncHttpClient-1-2] DEBUG o.a.netty.handler.HttpHandler - 

Request DefaultFullHttpRequest(decodeResult: success, version: HTTP/1.1, content: EmptyByteBufBE)
GET /session/894a5667ed4874eae83f34446ccc6339/screenshot HTTP/1.1
User-Agent: selenium/4.1.1 (java windows)
Cache-Control: no-cache
Content-Type: application/json; charset=utf-8
host: localhost:61800
accept: */*

Response DefaultHttpResponse(decodeResult: success, version: HTTP/1.1)
HTTP/1.1 200 OK
Content-Type: application/json; charset=utf-8
cache-control: no-cache
content-length: 83944

17:52:32.320 [AsyncHttpClient-1-2] DEBUG o.a.netty.channel.ChannelManager - Adding key: http://localhost:61800 for channel [id: 0x4555661c, L:/127.0.0.1:57365 - R:localhost/127.0.0.1:61800]
17:52:32.320 [main] DEBUG n.s.core.photography.Darkroom - Send negative for processing for target\site\serenity\a1929ed9c3924f8725a82f49c5ccf979b877025d0f5f6befdf0666d5200a548f.png
17:52:32.336 [main] DEBUG n.t.core.steps.StepInterceptor - STARTING STEP: shopping.userNavigatesToItemsPage - !#title
17:52:32.336 [main] DEBUG n.t.core.steps.StepInterceptor - STARTING STEP: shopping.userNavigatesToItemsPage - {0} clicks on #target
17:52:32.336 [main] DEBUG n.s.s.targets.IFrameSwitcher - default content already selected for button
17:52:32.356 [Forwarding findElement on session 894a5667ed4874eae83f34446ccc6339 to remote] DEBUG o.a.netty.request.NettyRequestSender - Using pooled Channel '[id: 0x4555661c, L:/127.0.0.1:57365 - R:localhost/127.0.0.1:61800]' for 'POST' to 'http://localhost:61800/session/894a5667ed4874eae83f34446ccc6339/element'
17:52:32.356 [Forwarding findElement on session 894a5667ed4874eae83f34446ccc6339 to remote] DEBUG o.a.netty.request.NettyRequestSender - Using open Channel [id: 0x4555661c, L:/127.0.0.1:57365 - R:localhost/127.0.0.1:61800] for POST '/session/894a5667ed4874eae83f34446ccc6339/element'
17:52:32.373 [AsyncHttpClient-1-2] DEBUG o.a.netty.handler.HttpHandler - 

Request DefaultHttpRequest(decodeResult: success, version: HTTP/1.1)
POST /session/894a5667ed4874eae83f34446ccc6339/element HTTP/1.1
User-Agent: selenium/4.1.1 (java windows)
Content-Length: 95
Content-Type: application/json; charset=utf-8
host: localhost:61800
accept: */*

Response DefaultHttpResponse(decodeResult: success, version: HTTP/1.1)
HTTP/1.1 200 OK
Content-Type: application/json; charset=utf-8
cache-control: no-cache
content-length: 88

17:52:32.373 [AsyncHttpClient-1-2] DEBUG o.a.netty.channel.ChannelManager - Adding key: http://localhost:61800 for channel [id: 0x4555661c, L:/127.0.0.1:57365 - R:localhost/127.0.0.1:61800]
17:52:32.388 [Forwarding isElementDisplayed on session 894a5667ed4874eae83f34446ccc6339 to remote] DEBUG o.a.netty.request.NettyRequestSender - Using pooled Channel '[id: 0x4555661c, L:/127.0.0.1:57365 - R:localhost/127.0.0.1:61800]' for 'POST' to 'http://localhost:61800/session/894a5667ed4874eae83f34446ccc6339/execute/sync'
17:52:32.388 [Forwarding isElementDisplayed on session 894a5667ed4874eae83f34446ccc6339 to remote] DEBUG o.a.netty.request.NettyRequestSender - Using open Channel [id: 0x4555661c, L:/127.0.0.1:57365 - R:localhost/127.0.0.1:61800] for POST '/session/894a5667ed4874eae83f34446ccc6339/execute/sync'
17:52:32.404 [AsyncHttpClient-1-2] DEBUG o.a.netty.handler.HttpHandler - 

Request DefaultHttpRequest(decodeResult: success, version: HTTP/1.1)
POST /session/894a5667ed4874eae83f34446ccc6339/execute/sync HTTP/1.1
User-Agent: selenium/4.1.1 (java windows)
Content-Length: 48780
Content-Type: application/json; charset=utf-8
host: localhost:61800
accept: */*

Response DefaultHttpResponse(decodeResult: success, version: HTTP/1.1)
HTTP/1.1 200 OK
Content-Type: application/json; charset=utf-8
cache-control: no-cache
content-length: 14

17:52:32.404 [AsyncHttpClient-1-2] DEBUG o.a.netty.channel.ChannelManager - Adding key: http://localhost:61800 for channel [id: 0x4555661c, L:/127.0.0.1:57365 - R:localhost/127.0.0.1:61800]
17:52:32.419 [Forwarding findElement on session 894a5667ed4874eae83f34446ccc6339 to remote] DEBUG o.a.netty.request.NettyRequestSender - Using pooled Channel '[id: 0x4555661c, L:/127.0.0.1:57365 - R:localhost/127.0.0.1:61800]' for 'POST' to 'http://localhost:61800/session/894a5667ed4874eae83f34446ccc6339/element'
17:52:32.419 [Forwarding findElement on session 894a5667ed4874eae83f34446ccc6339 to remote] DEBUG o.a.netty.request.NettyRequestSender - Using open Channel [id: 0x4555661c, L:/127.0.0.1:57365 - R:localhost/127.0.0.1:61800] for POST '/session/894a5667ed4874eae83f34446ccc6339/element'
17:52:32.455 [AsyncHttpClient-1-2] DEBUG o.a.netty.handler.HttpHandler - 

Request DefaultHttpRequest(decodeResult: success, version: HTTP/1.1)
POST /session/894a5667ed4874eae83f34446ccc6339/element HTTP/1.1
User-Agent: selenium/4.1.1 (java windows)
Content-Length: 95
Content-Type: application/json; charset=utf-8
host: localhost:61800
accept: */*

Response DefaultHttpResponse(decodeResult: success, version: HTTP/1.1)
HTTP/1.1 200 OK
Content-Type: application/json; charset=utf-8
cache-control: no-cache
content-length: 88

17:52:32.455 [AsyncHttpClient-1-2] DEBUG o.a.netty.channel.ChannelManager - Adding key: http://localhost:61800 for channel [id: 0x4555661c, L:/127.0.0.1:57365 - R:localhost/127.0.0.1:61800]
17:52:32.465 [Forwarding clickElement on session 894a5667ed4874eae83f34446ccc6339 to remote] DEBUG o.a.netty.request.NettyRequestSender - Using pooled Channel '[id: 0x4555661c, L:/127.0.0.1:57365 - R:localhost/127.0.0.1:61800]' for 'POST' to 'http://localhost:61800/session/894a5667ed4874eae83f34446ccc6339/element/505f687b-0c3e-4efa-821d-7b5ff8885edb/click'
17:52:32.465 [Forwarding clickElement on session 894a5667ed4874eae83f34446ccc6339 to remote] DEBUG o.a.netty.request.NettyRequestSender - Using open Channel [id: 0x4555661c, L:/127.0.0.1:57365 - R:localhost/127.0.0.1:61800] for POST '/session/894a5667ed4874eae83f34446ccc6339/element/505f687b-0c3e-4efa-821d-7b5ff8885edb/click'
17:52:32.863 [AsyncHttpClient-1-1] DEBUG o.a.netty.channel.DefaultChannelPool - Entry count for : http://localhost:57366 : 1
17:52:33.956 [AsyncHttpClient-1-1] DEBUG o.a.netty.channel.DefaultChannelPool - Entry count for : http://localhost:57366 : 1
17:52:34.864 [AsyncHttpClient-1-2] DEBUG o.a.netty.handler.HttpHandler - 

Request DefaultHttpRequest(decodeResult: success, version: HTTP/1.1)
POST /session/894a5667ed4874eae83f34446ccc6339/element/505f687b-0c3e-4efa-821d-7b5ff8885edb/click HTTP/1.1
User-Agent: selenium/4.1.1 (java windows)
Content-Length: 50
Content-Type: application/json; charset=utf-8
host: localhost:61800
accept: */*

Response DefaultHttpResponse(decodeResult: success, version: HTTP/1.1)
HTTP/1.1 200 OK
Content-Type: application/json; charset=utf-8
cache-control: no-cache
content-length: 14

17:52:34.864 [AsyncHttpClient-1-2] DEBUG o.a.netty.channel.ChannelManager - Adding key: http://localhost:61800 for channel [id: 0x4555661c, L:/127.0.0.1:57365 - R:localhost/127.0.0.1:61800]
17:52:34.882 [Forwarding screenshot on session 894a5667ed4874eae83f34446ccc6339 to remote] DEBUG o.a.netty.request.NettyRequestSender - Using pooled Channel '[id: 0x4555661c, L:/127.0.0.1:57365 - R:localhost/127.0.0.1:61800]' for 'GET' to 'http://localhost:61800/session/894a5667ed4874eae83f34446ccc6339/screenshot'
17:52:34.882 [Forwarding screenshot on session 894a5667ed4874eae83f34446ccc6339 to remote] DEBUG o.a.netty.request.NettyRequestSender - Using open Channel [id: 0x4555661c, L:/127.0.0.1:57365 - R:localhost/127.0.0.1:61800] for GET '/session/894a5667ed4874eae83f34446ccc6339/screenshot'
17:52:35.057 [AsyncHttpClient-1-1] DEBUG o.a.netty.channel.DefaultChannelPool - Entry count for : http://localhost:57366 : 1
17:52:35.072 [AsyncHttpClient-1-2] DEBUG o.a.netty.handler.HttpHandler - 

Request DefaultFullHttpRequest(decodeResult: success, version: HTTP/1.1, content: EmptyByteBufBE)
GET /session/894a5667ed4874eae83f34446ccc6339/screenshot HTTP/1.1
User-Agent: selenium/4.1.1 (java windows)
Cache-Control: no-cache
Content-Type: application/json; charset=utf-8
host: localhost:61800
accept: */*

Response DefaultHttpResponse(decodeResult: success, version: HTTP/1.1)
HTTP/1.1 200 OK
Content-Type: application/json; charset=utf-8
cache-control: no-cache
content-length: 135536

17:52:35.072 [AsyncHttpClient-1-2] DEBUG o.a.netty.channel.ChannelManager - Adding key: http://localhost:61800 for channel [id: 0x4555661c, L:/127.0.0.1:57365 - R:localhost/127.0.0.1:61800]
17:52:35.072 [main] DEBUG n.s.core.photography.Darkroom - Send negative for processing for target\site\serenity\39e21ee06cc79f44e837d23a544839d7629a113d80d46e5efd6b349656cb6a7b.png
17:52:35.072 [main] DEBUG n.t.core.steps.StepInterceptor - STEP DONE: {0} clicks on #target
17:52:35.072 [Darkroom Processing Line] DEBUG n.s.c.p.DarkroomProcessingLine - Processing screenshot image in /var/screenshots/screenshot-15213503247505919555
17:52:35.072 [Darkroom Processing Line] DEBUG n.s.c.p.DarkroomProcessingLine - Saving screenshot to target\site\serenity\39e21ee06cc79f44e837d23a544839d7629a113d80d46e5efd6b349656cb6a7b.png
17:52:35.088 [main] DEBUG n.t.core.steps.StepInterceptor - STEP DONE: !#title
17:52:35.104 [main] DEBUG n.s.s.targets.IFrameSwitcher - default content already selected for h2
17:52:35.104 [Forwarding findElements on session 894a5667ed4874eae83f34446ccc6339 to remote] DEBUG o.a.netty.request.NettyRequestSender - Using pooled Channel '[id: 0x4555661c, L:/127.0.0.1:57365 - R:localhost/127.0.0.1:61800]' for 'POST' to 'http://localhost:61800/session/894a5667ed4874eae83f34446ccc6339/elements'
17:52:35.104 [Forwarding findElements on session 894a5667ed4874eae83f34446ccc6339 to remote] DEBUG o.a.netty.request.NettyRequestSender - Using open Channel [id: 0x4555661c, L:/127.0.0.1:57365 - R:localhost/127.0.0.1:61800] for POST '/session/894a5667ed4874eae83f34446ccc6339/elements'
17:52:36.158 [AsyncHttpClient-1-1] DEBUG o.a.netty.channel.DefaultChannelPool - Entry count for : http://localhost:57366 : 1
17:52:37.119 [AsyncHttpClient-1-2] DEBUG o.a.netty.handler.HttpHandler - 

Request DefaultHttpRequest(decodeResult: success, version: HTTP/1.1)
POST /session/894a5667ed4874eae83f34446ccc6339/elements HTTP/1.1
User-Agent: selenium/4.1.1 (java windows)
Content-Length: 72
Content-Type: application/json; charset=utf-8
host: localhost:61800
accept: */*

Response DefaultHttpResponse(decodeResult: success, version: HTTP/1.1)
HTTP/1.1 200 OK
Content-Type: application/json; charset=utf-8
cache-control: no-cache
content-length: 12

17:52:37.119 [AsyncHttpClient-1-2] DEBUG o.a.netty.channel.ChannelManager - Adding key: http://localhost:61800 for channel [id: 0x4555661c, L:/127.0.0.1:57365 - R:localhost/127.0.0.1:61800]
17:52:37.119 [main] DEBUG n.s.s.targets.IFrameSwitcher - default content already selected for p
17:52:37.119 [Forwarding findElements on session 894a5667ed4874eae83f34446ccc6339 to remote] DEBUG o.a.netty.request.NettyRequestSender - Using pooled Channel '[id: 0x4555661c, L:/127.0.0.1:57365 - R:localhost/127.0.0.1:61800]' for 'POST' to 'http://localhost:61800/session/894a5667ed4874eae83f34446ccc6339/elements'
17:52:37.119 [Forwarding findElements on session 894a5667ed4874eae83f34446ccc6339 to remote] DEBUG o.a.netty.request.NettyRequestSender - Using open Channel [id: 0x4555661c, L:/127.0.0.1:57365 - R:localhost/127.0.0.1:61800] for POST '/session/894a5667ed4874eae83f34446ccc6339/elements'
17:52:37.134 [AsyncHttpClient-1-2] DEBUG o.a.netty.handler.HttpHandler - 

Request DefaultHttpRequest(decodeResult: success, version: HTTP/1.1)
POST /session/894a5667ed4874eae83f34446ccc6339/elements HTTP/1.1
User-Agent: selenium/4.1.1 (java windows)
Content-Length: 101
Content-Type: application/json; charset=utf-8
host: localhost:61800
accept: */*

Response DefaultHttpResponse(decodeResult: success, version: HTTP/1.1)
HTTP/1.1 200 OK
Content-Type: application/json; charset=utf-8
cache-control: no-cache
content-length: 248

17:52:37.134 [AsyncHttpClient-1-2] DEBUG o.a.netty.channel.ChannelManager - Adding key: http://localhost:61800 for channel [id: 0x4555661c, L:/127.0.0.1:57365 - R:localhost/127.0.0.1:61800]
17:52:37.150 [Forwarding isElementDisplayed on session 894a5667ed4874eae83f34446ccc6339 to remote] DEBUG o.a.netty.request.NettyRequestSender - Using pooled Channel '[id: 0x4555661c, L:/127.0.0.1:57365 - R:localhost/127.0.0.1:61800]' for 'POST' to 'http://localhost:61800/session/894a5667ed4874eae83f34446ccc6339/execute/sync'
17:52:37.150 [Forwarding isElementDisplayed on session 894a5667ed4874eae83f34446ccc6339 to remote] DEBUG o.a.netty.request.NettyRequestSender - Using open Channel [id: 0x4555661c, L:/127.0.0.1:57365 - R:localhost/127.0.0.1:61800] for POST '/session/894a5667ed4874eae83f34446ccc6339/execute/sync'
17:52:37.166 [AsyncHttpClient-1-2] DEBUG o.a.netty.handler.HttpHandler - 

Request DefaultHttpRequest(decodeResult: success, version: HTTP/1.1)
POST /session/894a5667ed4874eae83f34446ccc6339/execute/sync HTTP/1.1
User-Agent: selenium/4.1.1 (java windows)
Content-Length: 48780
Content-Type: application/json; charset=utf-8
host: localhost:61800
accept: */*

Response DefaultHttpResponse(decodeResult: success, version: HTTP/1.1)
HTTP/1.1 200 OK
Content-Type: application/json; charset=utf-8
cache-control: no-cache
content-length: 14

17:52:37.166 [AsyncHttpClient-1-2] DEBUG o.a.netty.channel.ChannelManager - Adding key: http://localhost:61800 for channel [id: 0x4555661c, L:/127.0.0.1:57365 - R:localhost/127.0.0.1:61800]
17:52:37.181 [Forwarding isElementDisplayed on session 894a5667ed4874eae83f34446ccc6339 to remote] DEBUG o.a.netty.request.NettyRequestSender - Using pooled Channel '[id: 0x4555661c, L:/127.0.0.1:57365 - R:localhost/127.0.0.1:61800]' for 'POST' to 'http://localhost:61800/session/894a5667ed4874eae83f34446ccc6339/execute/sync'
17:52:37.181 [Forwarding isElementDisplayed on session 894a5667ed4874eae83f34446ccc6339 to remote] DEBUG o.a.netty.request.NettyRequestSender - Using open Channel [id: 0x4555661c, L:/127.0.0.1:57365 - R:localhost/127.0.0.1:61800] for POST '/session/894a5667ed4874eae83f34446ccc6339/execute/sync'
17:52:37.197 [AsyncHttpClient-1-2] DEBUG o.a.netty.handler.HttpHandler - 

Request DefaultHttpRequest(decodeResult: success, version: HTTP/1.1)
POST /session/894a5667ed4874eae83f34446ccc6339/execute/sync HTTP/1.1
User-Agent: selenium/4.1.1 (java windows)
Content-Length: 48780
Content-Type: application/json; charset=utf-8
host: localhost:61800
accept: */*

Response DefaultHttpResponse(decodeResult: success, version: HTTP/1.1)
HTTP/1.1 200 OK
Content-Type: application/json; charset=utf-8
cache-control: no-cache
content-length: 14

17:52:37.197 [AsyncHttpClient-1-2] DEBUG o.a.netty.channel.ChannelManager - Adding key: http://localhost:61800 for channel [id: 0x4555661c, L:/127.0.0.1:57365 - R:localhost/127.0.0.1:61800]
17:52:37.197 [Forwarding isElementDisplayed on session 894a5667ed4874eae83f34446ccc6339 to remote] DEBUG o.a.netty.request.NettyRequestSender - Using pooled Channel '[id: 0x4555661c, L:/127.0.0.1:57365 - R:localhost/127.0.0.1:61800]' for 'POST' to 'http://localhost:61800/session/894a5667ed4874eae83f34446ccc6339/execute/sync'
17:52:37.197 [Forwarding isElementDisplayed on session 894a5667ed4874eae83f34446ccc6339 to remote] DEBUG o.a.netty.request.NettyRequestSender - Using open Channel [id: 0x4555661c, L:/127.0.0.1:57365 - R:localhost/127.0.0.1:61800] for POST '/session/894a5667ed4874eae83f34446ccc6339/execute/sync'
17:52:37.213 [AsyncHttpClient-1-2] DEBUG o.a.netty.handler.HttpHandler - 

Request DefaultHttpRequest(decodeResult: success, version: HTTP/1.1)
POST /session/894a5667ed4874eae83f34446ccc6339/execute/sync HTTP/1.1
User-Agent: selenium/4.1.1 (java windows)
Content-Length: 48780
Content-Type: application/json; charset=utf-8
host: localhost:61800
accept: */*

Response DefaultHttpResponse(decodeResult: success, version: HTTP/1.1)
HTTP/1.1 200 OK
Content-Type: application/json; charset=utf-8
cache-control: no-cache
content-length: 14

17:52:37.213 [AsyncHttpClient-1-2] DEBUG o.a.netty.channel.ChannelManager - Adding key: http://localhost:61800 for channel [id: 0x4555661c, L:/127.0.0.1:57365 - R:localhost/127.0.0.1:61800]
17:52:37.228 [Forwarding isElementDisplayed on session 894a5667ed4874eae83f34446ccc6339 to remote] DEBUG o.a.netty.request.NettyRequestSender - Using pooled Channel '[id: 0x4555661c, L:/127.0.0.1:57365 - R:localhost/127.0.0.1:61800]' for 'POST' to 'http://localhost:61800/session/894a5667ed4874eae83f34446ccc6339/execute/sync'
17:52:37.228 [Forwarding isElementDisplayed on session 894a5667ed4874eae83f34446ccc6339 to remote] DEBUG o.a.netty.request.NettyRequestSender - Using open Channel [id: 0x4555661c, L:/127.0.0.1:57365 - R:localhost/127.0.0.1:61800] for POST '/session/894a5667ed4874eae83f34446ccc6339/execute/sync'
17:52:37.228 [AsyncHttpClient-1-2] DEBUG o.a.netty.handler.HttpHandler - 

Request DefaultHttpRequest(decodeResult: success, version: HTTP/1.1)
POST /session/894a5667ed4874eae83f34446ccc6339/execute/sync HTTP/1.1
User-Agent: selenium/4.1.1 (java windows)
Content-Length: 48780
Content-Type: application/json; charset=utf-8
host: localhost:61800
accept: */*

Response DefaultHttpResponse(decodeResult: success, version: HTTP/1.1)
HTTP/1.1 200 OK
Content-Type: application/json; charset=utf-8
cache-control: no-cache
content-length: 14

17:52:37.228 [AsyncHttpClient-1-2] DEBUG o.a.netty.channel.ChannelManager - Adding key: http://localhost:61800 for channel [id: 0x4555661c, L:/127.0.0.1:57365 - R:localhost/127.0.0.1:61800]
17:52:37.244 [Forwarding getElementAttribute on session 894a5667ed4874eae83f34446ccc6339 to remote] DEBUG o.a.netty.request.NettyRequestSender - Using pooled Channel '[id: 0x4555661c, L:/127.0.0.1:57365 - R:localhost/127.0.0.1:61800]' for 'POST' to 'http://localhost:61800/session/894a5667ed4874eae83f34446ccc6339/execute/sync'
17:52:37.244 [Forwarding getElementAttribute on session 894a5667ed4874eae83f34446ccc6339 to remote] DEBUG o.a.netty.request.NettyRequestSender - Using open Channel [id: 0x4555661c, L:/127.0.0.1:57365 - R:localhost/127.0.0.1:61800] for POST '/session/894a5667ed4874eae83f34446ccc6339/execute/sync'
17:52:37.259 [AsyncHttpClient-1-1] DEBUG o.a.netty.channel.DefaultChannelPool - Entry count for : http://localhost:57366 : 1
17:52:37.259 [AsyncHttpClient-1-2] DEBUG o.a.netty.handler.HttpHandler - 

Request DefaultHttpRequest(decodeResult: success, version: HTTP/1.1)
POST /session/894a5667ed4874eae83f34446ccc6339/execute/sync HTTP/1.1
User-Agent: selenium/4.1.1 (java windows)
Content-Length: 47340
Content-Type: application/json; charset=utf-8
host: localhost:61800
accept: */*

Response DefaultHttpResponse(decodeResult: success, version: HTTP/1.1)
HTTP/1.1 200 OK
Content-Type: application/json; charset=utf-8
cache-control: no-cache
content-length: 14

17:52:37.259 [AsyncHttpClient-1-2] DEBUG o.a.netty.channel.ChannelManager - Adding key: http://localhost:61800 for channel [id: 0x4555661c, L:/127.0.0.1:57365 - R:localhost/127.0.0.1:61800]
17:52:37.259 [Forwarding getElementText on session 894a5667ed4874eae83f34446ccc6339 to remote] DEBUG o.a.netty.request.NettyRequestSender - Using pooled Channel '[id: 0x4555661c, L:/127.0.0.1:57365 - R:localhost/127.0.0.1:61800]' for 'GET' to 'http://localhost:61800/session/894a5667ed4874eae83f34446ccc6339/element/9588eb25-ba11-4117-a40b-7ee40a006369/text'
17:52:37.259 [Forwarding getElementText on session 894a5667ed4874eae83f34446ccc6339 to remote] DEBUG o.a.netty.request.NettyRequestSender - Using open Channel [id: 0x4555661c, L:/127.0.0.1:57365 - R:localhost/127.0.0.1:61800] for GET '/session/894a5667ed4874eae83f34446ccc6339/element/9588eb25-ba11-4117-a40b-7ee40a006369/text'
17:52:37.275 [AsyncHttpClient-1-2] DEBUG o.a.netty.handler.HttpHandler - 

Request DefaultFullHttpRequest(decodeResult: success, version: HTTP/1.1, content: EmptyByteBufBE)
GET /session/894a5667ed4874eae83f34446ccc6339/element/9588eb25-ba11-4117-a40b-7ee40a006369/text HTTP/1.1
User-Agent: selenium/4.1.1 (java windows)
Cache-Control: no-cache
Content-Type: application/json; charset=utf-8
host: localhost:61800
accept: */*

Response DefaultHttpResponse(decodeResult: success, version: HTTP/1.1)
HTTP/1.1 200 OK
Content-Type: application/json; charset=utf-8
cache-control: no-cache
content-length: 26

17:52:37.275 [AsyncHttpClient-1-2] DEBUG o.a.netty.channel.ChannelManager - Adding key: http://localhost:61800 for channel [id: 0x4555661c, L:/127.0.0.1:57365 - R:localhost/127.0.0.1:61800]
17:52:37.275 [Forwarding getElementText on session 894a5667ed4874eae83f34446ccc6339 to remote] DEBUG o.a.netty.request.NettyRequestSender - Using pooled Channel '[id: 0x4555661c, L:/127.0.0.1:57365 - R:localhost/127.0.0.1:61800]' for 'GET' to 'http://localhost:61800/session/894a5667ed4874eae83f34446ccc6339/element/9588eb25-ba11-4117-a40b-7ee40a006369/text'
17:52:37.275 [Forwarding getElementText on session 894a5667ed4874eae83f34446ccc6339 to remote] DEBUG o.a.netty.request.NettyRequestSender - Using open Channel [id: 0x4555661c, L:/127.0.0.1:57365 - R:localhost/127.0.0.1:61800] for GET '/session/894a5667ed4874eae83f34446ccc6339/element/9588eb25-ba11-4117-a40b-7ee40a006369/text'
17:52:37.291 [AsyncHttpClient-1-2] DEBUG o.a.netty.handler.HttpHandler - 

Request DefaultFullHttpRequest(decodeResult: success, version: HTTP/1.1, content: EmptyByteBufBE)
GET /session/894a5667ed4874eae83f34446ccc6339/element/9588eb25-ba11-4117-a40b-7ee40a006369/text HTTP/1.1
User-Agent: selenium/4.1.1 (java windows)
Cache-Control: no-cache
Content-Type: application/json; charset=utf-8
host: localhost:61800
accept: */*

Response DefaultHttpResponse(decodeResult: success, version: HTTP/1.1)
HTTP/1.1 200 OK
Content-Type: application/json; charset=utf-8
cache-control: no-cache
content-length: 26

17:52:37.291 [AsyncHttpClient-1-2] DEBUG o.a.netty.channel.ChannelManager - Adding key: http://localhost:61800 for channel [id: 0x4555661c, L:/127.0.0.1:57365 - R:localhost/127.0.0.1:61800]
17:52:37.291 [Forwarding isElementDisplayed on session 894a5667ed4874eae83f34446ccc6339 to remote] DEBUG o.a.netty.request.NettyRequestSender - Using pooled Channel '[id: 0x4555661c, L:/127.0.0.1:57365 - R:localhost/127.0.0.1:61800]' for 'POST' to 'http://localhost:61800/session/894a5667ed4874eae83f34446ccc6339/execute/sync'
17:52:37.291 [Forwarding isElementDisplayed on session 894a5667ed4874eae83f34446ccc6339 to remote] DEBUG o.a.netty.request.NettyRequestSender - Using open Channel [id: 0x4555661c, L:/127.0.0.1:57365 - R:localhost/127.0.0.1:61800] for POST '/session/894a5667ed4874eae83f34446ccc6339/execute/sync'
17:52:37.306 [AsyncHttpClient-1-2] DEBUG o.a.netty.handler.HttpHandler - 

Request DefaultHttpRequest(decodeResult: success, version: HTTP/1.1)
POST /session/894a5667ed4874eae83f34446ccc6339/execute/sync HTTP/1.1
User-Agent: selenium/4.1.1 (java windows)
Content-Length: 48780
Content-Type: application/json; charset=utf-8
host: localhost:61800
accept: */*

Response DefaultHttpResponse(decodeResult: success, version: HTTP/1.1)
HTTP/1.1 200 OK
Content-Type: application/json; charset=utf-8
cache-control: no-cache
content-length: 14

17:52:37.306 [AsyncHttpClient-1-2] DEBUG o.a.netty.channel.ChannelManager - Adding key: http://localhost:61800 for channel [id: 0x4555661c, L:/127.0.0.1:57365 - R:localhost/127.0.0.1:61800]
17:52:37.322 [Forwarding isElementDisplayed on session 894a5667ed4874eae83f34446ccc6339 to remote] DEBUG o.a.netty.request.NettyRequestSender - Using pooled Channel '[id: 0x4555661c, L:/127.0.0.1:57365 - R:localhost/127.0.0.1:61800]' for 'POST' to 'http://localhost:61800/session/894a5667ed4874eae83f34446ccc6339/execute/sync'
17:52:37.322 [Forwarding isElementDisplayed on session 894a5667ed4874eae83f34446ccc6339 to remote] DEBUG o.a.netty.request.NettyRequestSender - Using open Channel [id: 0x4555661c, L:/127.0.0.1:57365 - R:localhost/127.0.0.1:61800] for POST '/session/894a5667ed4874eae83f34446ccc6339/execute/sync'
17:52:37.337 [AsyncHttpClient-1-2] DEBUG o.a.netty.handler.HttpHandler - 

Request DefaultHttpRequest(decodeResult: success, version: HTTP/1.1)
POST /session/894a5667ed4874eae83f34446ccc6339/execute/sync HTTP/1.1
User-Agent: selenium/4.1.1 (java windows)
Content-Length: 48780
Content-Type: application/json; charset=utf-8
host: localhost:61800
accept: */*

Response DefaultHttpResponse(decodeResult: success, version: HTTP/1.1)
HTTP/1.1 200 OK
Content-Type: application/json; charset=utf-8
cache-control: no-cache
content-length: 14

17:52:37.337 [AsyncHttpClient-1-2] DEBUG o.a.netty.channel.ChannelManager - Adding key: http://localhost:61800 for channel [id: 0x4555661c, L:/127.0.0.1:57365 - R:localhost/127.0.0.1:61800]
17:52:37.337 [Forwarding isElementDisplayed on session 894a5667ed4874eae83f34446ccc6339 to remote] DEBUG o.a.netty.request.NettyRequestSender - Using pooled Channel '[id: 0x4555661c, L:/127.0.0.1:57365 - R:localhost/127.0.0.1:61800]' for 'POST' to 'http://localhost:61800/session/894a5667ed4874eae83f34446ccc6339/execute/sync'
17:52:37.337 [Forwarding isElementDisplayed on session 894a5667ed4874eae83f34446ccc6339 to remote] DEBUG o.a.netty.request.NettyRequestSender - Using open Channel [id: 0x4555661c, L:/127.0.0.1:57365 - R:localhost/127.0.0.1:61800] for POST '/session/894a5667ed4874eae83f34446ccc6339/execute/sync'
17:52:37.357 [AsyncHttpClient-1-2] DEBUG o.a.netty.handler.HttpHandler - 

Request DefaultHttpRequest(decodeResult: success, version: HTTP/1.1)
POST /session/894a5667ed4874eae83f34446ccc6339/execute/sync HTTP/1.1
User-Agent: selenium/4.1.1 (java windows)
Content-Length: 48780
Content-Type: application/json; charset=utf-8
host: localhost:61800
accept: */*

Response DefaultHttpResponse(decodeResult: success, version: HTTP/1.1)
HTTP/1.1 200 OK
Content-Type: application/json; charset=utf-8
cache-control: no-cache
content-length: 14

17:52:37.357 [AsyncHttpClient-1-2] DEBUG o.a.netty.channel.ChannelManager - Adding key: http://localhost:61800 for channel [id: 0x4555661c, L:/127.0.0.1:57365 - R:localhost/127.0.0.1:61800]
17:52:37.357 [Forwarding isElementDisplayed on session 894a5667ed4874eae83f34446ccc6339 to remote] DEBUG o.a.netty.request.NettyRequestSender - Using pooled Channel '[id: 0x4555661c, L:/127.0.0.1:57365 - R:localhost/127.0.0.1:61800]' for 'POST' to 'http://localhost:61800/session/894a5667ed4874eae83f34446ccc6339/execute/sync'
17:52:37.357 [Forwarding isElementDisplayed on session 894a5667ed4874eae83f34446ccc6339 to remote] DEBUG o.a.netty.request.NettyRequestSender - Using open Channel [id: 0x4555661c, L:/127.0.0.1:57365 - R:localhost/127.0.0.1:61800] for POST '/session/894a5667ed4874eae83f34446ccc6339/execute/sync'
17:52:37.373 [AsyncHttpClient-1-2] DEBUG o.a.netty.handler.HttpHandler - 

Request DefaultHttpRequest(decodeResult: success, version: HTTP/1.1)
POST /session/894a5667ed4874eae83f34446ccc6339/execute/sync HTTP/1.1
User-Agent: selenium/4.1.1 (java windows)
Content-Length: 48780
Content-Type: application/json; charset=utf-8
host: localhost:61800
accept: */*

Response DefaultHttpResponse(decodeResult: success, version: HTTP/1.1)
HTTP/1.1 200 OK
Content-Type: application/json; charset=utf-8
cache-control: no-cache
content-length: 14

17:52:37.373 [AsyncHttpClient-1-2] DEBUG o.a.netty.channel.ChannelManager - Adding key: http://localhost:61800 for channel [id: 0x4555661c, L:/127.0.0.1:57365 - R:localhost/127.0.0.1:61800]
17:52:37.373 [Forwarding getElementAttribute on session 894a5667ed4874eae83f34446ccc6339 to remote] DEBUG o.a.netty.request.NettyRequestSender - Using pooled Channel '[id: 0x4555661c, L:/127.0.0.1:57365 - R:localhost/127.0.0.1:61800]' for 'POST' to 'http://localhost:61800/session/894a5667ed4874eae83f34446ccc6339/execute/sync'
17:52:37.373 [Forwarding getElementAttribute on session 894a5667ed4874eae83f34446ccc6339 to remote] DEBUG o.a.netty.request.NettyRequestSender - Using open Channel [id: 0x4555661c, L:/127.0.0.1:57365 - R:localhost/127.0.0.1:61800] for POST '/session/894a5667ed4874eae83f34446ccc6339/execute/sync'
17:52:37.388 [AsyncHttpClient-1-2] DEBUG o.a.netty.handler.HttpHandler - 

Request DefaultHttpRequest(decodeResult: success, version: HTTP/1.1)
POST /session/894a5667ed4874eae83f34446ccc6339/execute/sync HTTP/1.1
User-Agent: selenium/4.1.1 (java windows)
Content-Length: 47340
Content-Type: application/json; charset=utf-8
host: localhost:61800
accept: */*

Response DefaultHttpResponse(decodeResult: success, version: HTTP/1.1)
HTTP/1.1 200 OK
Content-Type: application/json; charset=utf-8
cache-control: no-cache
content-length: 14

17:52:37.388 [AsyncHttpClient-1-2] DEBUG o.a.netty.channel.ChannelManager - Adding key: http://localhost:61800 for channel [id: 0x4555661c, L:/127.0.0.1:57365 - R:localhost/127.0.0.1:61800]
17:52:37.388 [Forwarding getElementText on session 894a5667ed4874eae83f34446ccc6339 to remote] DEBUG o.a.netty.request.NettyRequestSender - Using pooled Channel '[id: 0x4555661c, L:/127.0.0.1:57365 - R:localhost/127.0.0.1:61800]' for 'GET' to 'http://localhost:61800/session/894a5667ed4874eae83f34446ccc6339/element/24367150-7b92-4af2-98c3-28a6f6dd1ea8/text'
17:52:37.388 [Forwarding getElementText on session 894a5667ed4874eae83f34446ccc6339 to remote] DEBUG o.a.netty.request.NettyRequestSender - Using open Channel [id: 0x4555661c, L:/127.0.0.1:57365 - R:localhost/127.0.0.1:61800] for GET '/session/894a5667ed4874eae83f34446ccc6339/element/24367150-7b92-4af2-98c3-28a6f6dd1ea8/text'
17:52:37.404 [AsyncHttpClient-1-2] DEBUG o.a.netty.handler.HttpHandler - 

Request DefaultFullHttpRequest(decodeResult: success, version: HTTP/1.1, content: EmptyByteBufBE)
GET /session/894a5667ed4874eae83f34446ccc6339/element/24367150-7b92-4af2-98c3-28a6f6dd1ea8/text HTTP/1.1
User-Agent: selenium/4.1.1 (java windows)
Cache-Control: no-cache
Content-Type: application/json; charset=utf-8
host: localhost:61800
accept: */*

Response DefaultHttpResponse(decodeResult: success, version: HTTP/1.1)
HTTP/1.1 200 OK
Content-Type: application/json; charset=utf-8
cache-control: no-cache
content-length: 26

17:52:37.404 [AsyncHttpClient-1-2] DEBUG o.a.netty.channel.ChannelManager - Adding key: http://localhost:61800 for channel [id: 0x4555661c, L:/127.0.0.1:57365 - R:localhost/127.0.0.1:61800]
17:52:37.404 [Forwarding getElementText on session 894a5667ed4874eae83f34446ccc6339 to remote] DEBUG o.a.netty.request.NettyRequestSender - Using pooled Channel '[id: 0x4555661c, L:/127.0.0.1:57365 - R:localhost/127.0.0.1:61800]' for 'GET' to 'http://localhost:61800/session/894a5667ed4874eae83f34446ccc6339/element/24367150-7b92-4af2-98c3-28a6f6dd1ea8/text'
17:52:37.404 [Forwarding getElementText on session 894a5667ed4874eae83f34446ccc6339 to remote] DEBUG o.a.netty.request.NettyRequestSender - Using open Channel [id: 0x4555661c, L:/127.0.0.1:57365 - R:localhost/127.0.0.1:61800] for GET '/session/894a5667ed4874eae83f34446ccc6339/element/24367150-7b92-4af2-98c3-28a6f6dd1ea8/text'
17:52:37.420 [AsyncHttpClient-1-2] DEBUG o.a.netty.handler.HttpHandler - 

Request DefaultFullHttpRequest(decodeResult: success, version: HTTP/1.1, content: EmptyByteBufBE)
GET /session/894a5667ed4874eae83f34446ccc6339/element/24367150-7b92-4af2-98c3-28a6f6dd1ea8/text HTTP/1.1
User-Agent: selenium/4.1.1 (java windows)
Cache-Control: no-cache
Content-Type: application/json; charset=utf-8
host: localhost:61800
accept: */*

Response DefaultHttpResponse(decodeResult: success, version: HTTP/1.1)
HTTP/1.1 200 OK
Content-Type: application/json; charset=utf-8
cache-control: no-cache
content-length: 26

17:52:37.420 [AsyncHttpClient-1-2] DEBUG o.a.netty.channel.ChannelManager - Adding key: http://localhost:61800 for channel [id: 0x4555661c, L:/127.0.0.1:57365 - R:localhost/127.0.0.1:61800]
17:52:37.451 [Forwarding isElementDisplayed on session 894a5667ed4874eae83f34446ccc6339 to remote] DEBUG o.a.netty.request.NettyRequestSender - Using pooled Channel '[id: 0x4555661c, L:/127.0.0.1:57365 - R:localhost/127.0.0.1:61800]' for 'POST' to 'http://localhost:61800/session/894a5667ed4874eae83f34446ccc6339/execute/sync'
17:52:37.451 [Forwarding isElementDisplayed on session 894a5667ed4874eae83f34446ccc6339 to remote] DEBUG o.a.netty.request.NettyRequestSender - Using open Channel [id: 0x4555661c, L:/127.0.0.1:57365 - R:localhost/127.0.0.1:61800] for POST '/session/894a5667ed4874eae83f34446ccc6339/execute/sync'
17:52:37.467 [AsyncHttpClient-1-2] DEBUG o.a.netty.handler.HttpHandler - 

Request DefaultHttpRequest(decodeResult: success, version: HTTP/1.1)
POST /session/894a5667ed4874eae83f34446ccc6339/execute/sync HTTP/1.1
User-Agent: selenium/4.1.1 (java windows)
Content-Length: 48780
Content-Type: application/json; charset=utf-8
host: localhost:61800
accept: */*

Response DefaultHttpResponse(decodeResult: success, version: HTTP/1.1)
HTTP/1.1 200 OK
Content-Type: application/json; charset=utf-8
cache-control: no-cache
content-length: 14

17:52:37.467 [AsyncHttpClient-1-2] DEBUG o.a.netty.channel.ChannelManager - Adding key: http://localhost:61800 for channel [id: 0x4555661c, L:/127.0.0.1:57365 - R:localhost/127.0.0.1:61800]
17:52:37.467 [Forwarding isElementDisplayed on session 894a5667ed4874eae83f34446ccc6339 to remote] DEBUG o.a.netty.request.NettyRequestSender - Using pooled Channel '[id: 0x4555661c, L:/127.0.0.1:57365 - R:localhost/127.0.0.1:61800]' for 'POST' to 'http://localhost:61800/session/894a5667ed4874eae83f34446ccc6339/execute/sync'
17:52:37.467 [Forwarding isElementDisplayed on session 894a5667ed4874eae83f34446ccc6339 to remote] DEBUG o.a.netty.request.NettyRequestSender - Using open Channel [id: 0x4555661c, L:/127.0.0.1:57365 - R:localhost/127.0.0.1:61800] for POST '/session/894a5667ed4874eae83f34446ccc6339/execute/sync'
17:52:37.482 [AsyncHttpClient-1-2] DEBUG o.a.netty.handler.HttpHandler - 

Request DefaultHttpRequest(decodeResult: success, version: HTTP/1.1)
POST /session/894a5667ed4874eae83f34446ccc6339/execute/sync HTTP/1.1
User-Agent: selenium/4.1.1 (java windows)
Content-Length: 48780
Content-Type: application/json; charset=utf-8
host: localhost:61800
accept: */*

Response DefaultHttpResponse(decodeResult: success, version: HTTP/1.1)
HTTP/1.1 200 OK
Content-Type: application/json; charset=utf-8
cache-control: no-cache
content-length: 14

17:52:37.482 [AsyncHttpClient-1-2] DEBUG o.a.netty.channel.ChannelManager - Adding key: http://localhost:61800 for channel [id: 0x4555661c, L:/127.0.0.1:57365 - R:localhost/127.0.0.1:61800]
17:52:37.482 [Forwarding isElementDisplayed on session 894a5667ed4874eae83f34446ccc6339 to remote] DEBUG o.a.netty.request.NettyRequestSender - Using pooled Channel '[id: 0x4555661c, L:/127.0.0.1:57365 - R:localhost/127.0.0.1:61800]' for 'POST' to 'http://localhost:61800/session/894a5667ed4874eae83f34446ccc6339/execute/sync'
17:52:37.482 [Forwarding isElementDisplayed on session 894a5667ed4874eae83f34446ccc6339 to remote] DEBUG o.a.netty.request.NettyRequestSender - Using open Channel [id: 0x4555661c, L:/127.0.0.1:57365 - R:localhost/127.0.0.1:61800] for POST '/session/894a5667ed4874eae83f34446ccc6339/execute/sync'
17:52:37.498 [AsyncHttpClient-1-2] DEBUG o.a.netty.handler.HttpHandler - 

Request DefaultHttpRequest(decodeResult: success, version: HTTP/1.1)
POST /session/894a5667ed4874eae83f34446ccc6339/execute/sync HTTP/1.1
User-Agent: selenium/4.1.1 (java windows)
Content-Length: 48780
Content-Type: application/json; charset=utf-8
host: localhost:61800
accept: */*

Response DefaultHttpResponse(decodeResult: success, version: HTTP/1.1)
HTTP/1.1 200 OK
Content-Type: application/json; charset=utf-8
cache-control: no-cache
content-length: 14

17:52:37.498 [AsyncHttpClient-1-2] DEBUG o.a.netty.channel.ChannelManager - Adding key: http://localhost:61800 for channel [id: 0x4555661c, L:/127.0.0.1:57365 - R:localhost/127.0.0.1:61800]
17:52:37.498 [Forwarding isElementDisplayed on session 894a5667ed4874eae83f34446ccc6339 to remote] DEBUG o.a.netty.request.NettyRequestSender - Using pooled Channel '[id: 0x4555661c, L:/127.0.0.1:57365 - R:localhost/127.0.0.1:61800]' for 'POST' to 'http://localhost:61800/session/894a5667ed4874eae83f34446ccc6339/execute/sync'
17:52:37.498 [Forwarding isElementDisplayed on session 894a5667ed4874eae83f34446ccc6339 to remote] DEBUG o.a.netty.request.NettyRequestSender - Using open Channel [id: 0x4555661c, L:/127.0.0.1:57365 - R:localhost/127.0.0.1:61800] for POST '/session/894a5667ed4874eae83f34446ccc6339/execute/sync'
17:52:37.513 [AsyncHttpClient-1-2] DEBUG o.a.netty.handler.HttpHandler - 

Request DefaultHttpRequest(decodeResult: success, version: HTTP/1.1)
POST /session/894a5667ed4874eae83f34446ccc6339/execute/sync HTTP/1.1
User-Agent: selenium/4.1.1 (java windows)
Content-Length: 48780
Content-Type: application/json; charset=utf-8
host: localhost:61800
accept: */*

Response DefaultHttpResponse(decodeResult: success, version: HTTP/1.1)
HTTP/1.1 200 OK
Content-Type: application/json; charset=utf-8
cache-control: no-cache
content-length: 14

17:52:37.513 [AsyncHttpClient-1-2] DEBUG o.a.netty.channel.ChannelManager - Adding key: http://localhost:61800 for channel [id: 0x4555661c, L:/127.0.0.1:57365 - R:localhost/127.0.0.1:61800]
17:52:37.513 [Forwarding getElementAttribute on session 894a5667ed4874eae83f34446ccc6339 to remote] DEBUG o.a.netty.request.NettyRequestSender - Using pooled Channel '[id: 0x4555661c, L:/127.0.0.1:57365 - R:localhost/127.0.0.1:61800]' for 'POST' to 'http://localhost:61800/session/894a5667ed4874eae83f34446ccc6339/execute/sync'
17:52:37.513 [Forwarding getElementAttribute on session 894a5667ed4874eae83f34446ccc6339 to remote] DEBUG o.a.netty.request.NettyRequestSender - Using open Channel [id: 0x4555661c, L:/127.0.0.1:57365 - R:localhost/127.0.0.1:61800] for POST '/session/894a5667ed4874eae83f34446ccc6339/execute/sync'
17:52:37.529 [AsyncHttpClient-1-2] DEBUG o.a.netty.handler.HttpHandler - 

Request DefaultHttpRequest(decodeResult: success, version: HTTP/1.1)
POST /session/894a5667ed4874eae83f34446ccc6339/execute/sync HTTP/1.1
User-Agent: selenium/4.1.1 (java windows)
Content-Length: 47340
Content-Type: application/json; charset=utf-8
host: localhost:61800
accept: */*

Response DefaultHttpResponse(decodeResult: success, version: HTTP/1.1)
HTTP/1.1 200 OK
Content-Type: application/json; charset=utf-8
cache-control: no-cache
content-length: 14

17:52:37.529 [AsyncHttpClient-1-2] DEBUG o.a.netty.channel.ChannelManager - Adding key: http://localhost:61800 for channel [id: 0x4555661c, L:/127.0.0.1:57365 - R:localhost/127.0.0.1:61800]
17:52:37.529 [Forwarding getElementText on session 894a5667ed4874eae83f34446ccc6339 to remote] DEBUG o.a.netty.request.NettyRequestSender - Using pooled Channel '[id: 0x4555661c, L:/127.0.0.1:57365 - R:localhost/127.0.0.1:61800]' for 'GET' to 'http://localhost:61800/session/894a5667ed4874eae83f34446ccc6339/element/59f35269-63e2-440e-9a7a-aec358cf92d4/text'
17:52:37.529 [Forwarding getElementText on session 894a5667ed4874eae83f34446ccc6339 to remote] DEBUG o.a.netty.request.NettyRequestSender - Using open Channel [id: 0x4555661c, L:/127.0.0.1:57365 - R:localhost/127.0.0.1:61800] for GET '/session/894a5667ed4874eae83f34446ccc6339/element/59f35269-63e2-440e-9a7a-aec358cf92d4/text'
17:52:37.545 [AsyncHttpClient-1-2] DEBUG o.a.netty.handler.HttpHandler - 

Request DefaultFullHttpRequest(decodeResult: success, version: HTTP/1.1, content: EmptyByteBufBE)
GET /session/894a5667ed4874eae83f34446ccc6339/element/59f35269-63e2-440e-9a7a-aec358cf92d4/text HTTP/1.1
User-Agent: selenium/4.1.1 (java windows)
Cache-Control: no-cache
Content-Type: application/json; charset=utf-8
host: localhost:61800
accept: */*

Response DefaultHttpResponse(decodeResult: success, version: HTTP/1.1)
HTTP/1.1 200 OK
Content-Type: application/json; charset=utf-8
cache-control: no-cache
content-length: 26

17:52:37.545 [AsyncHttpClient-1-2] DEBUG o.a.netty.channel.ChannelManager - Adding key: http://localhost:61800 for channel [id: 0x4555661c, L:/127.0.0.1:57365 - R:localhost/127.0.0.1:61800]
17:52:37.545 [Forwarding getElementText on session 894a5667ed4874eae83f34446ccc6339 to remote] DEBUG o.a.netty.request.NettyRequestSender - Using pooled Channel '[id: 0x4555661c, L:/127.0.0.1:57365 - R:localhost/127.0.0.1:61800]' for 'GET' to 'http://localhost:61800/session/894a5667ed4874eae83f34446ccc6339/element/59f35269-63e2-440e-9a7a-aec358cf92d4/text'
17:52:37.545 [Forwarding getElementText on session 894a5667ed4874eae83f34446ccc6339 to remote] DEBUG o.a.netty.request.NettyRequestSender - Using open Channel [id: 0x4555661c, L:/127.0.0.1:57365 - R:localhost/127.0.0.1:61800] for GET '/session/894a5667ed4874eae83f34446ccc6339/element/59f35269-63e2-440e-9a7a-aec358cf92d4/text'
17:52:37.560 [AsyncHttpClient-1-2] DEBUG o.a.netty.handler.HttpHandler - 

Request DefaultFullHttpRequest(decodeResult: success, version: HTTP/1.1, content: EmptyByteBufBE)
GET /session/894a5667ed4874eae83f34446ccc6339/element/59f35269-63e2-440e-9a7a-aec358cf92d4/text HTTP/1.1
User-Agent: selenium/4.1.1 (java windows)
Cache-Control: no-cache
Content-Type: application/json; charset=utf-8
host: localhost:61800
accept: */*

Response DefaultHttpResponse(decodeResult: success, version: HTTP/1.1)
HTTP/1.1 200 OK
Content-Type: application/json; charset=utf-8
cache-control: no-cache
content-length: 26

17:52:37.560 [AsyncHttpClient-1-2] DEBUG o.a.netty.channel.ChannelManager - Adding key: http://localhost:61800 for channel [id: 0x4555661c, L:/127.0.0.1:57365 - R:localhost/127.0.0.1:61800]
17:52:37.576 [Forwarding screenshot on session 894a5667ed4874eae83f34446ccc6339 to remote] DEBUG o.a.netty.request.NettyRequestSender - Using pooled Channel '[id: 0x4555661c, L:/127.0.0.1:57365 - R:localhost/127.0.0.1:61800]' for 'GET' to 'http://localhost:61800/session/894a5667ed4874eae83f34446ccc6339/screenshot'
17:52:37.576 [Forwarding screenshot on session 894a5667ed4874eae83f34446ccc6339 to remote] DEBUG o.a.netty.request.NettyRequestSender - Using open Channel [id: 0x4555661c, L:/127.0.0.1:57365 - R:localhost/127.0.0.1:61800] for GET '/session/894a5667ed4874eae83f34446ccc6339/screenshot'
17:52:37.788 [AsyncHttpClient-1-2] DEBUG o.a.netty.handler.HttpHandler - 

Request DefaultFullHttpRequest(decodeResult: success, version: HTTP/1.1, content: EmptyByteBufBE)
GET /session/894a5667ed4874eae83f34446ccc6339/screenshot HTTP/1.1
User-Agent: selenium/4.1.1 (java windows)
Cache-Control: no-cache
Content-Type: application/json; charset=utf-8
host: localhost:61800
accept: */*

Response DefaultHttpResponse(decodeResult: success, version: HTTP/1.1)
HTTP/1.1 200 OK
Content-Type: application/json; charset=utf-8
cache-control: no-cache
content-length: 135536

17:52:37.788 [AsyncHttpClient-1-2] DEBUG o.a.netty.channel.ChannelManager - Adding key: http://localhost:61800 for channel [id: 0x4555661c, L:/127.0.0.1:57365 - R:localhost/127.0.0.1:61800]
17:52:37.804 [main] DEBUG n.s.core.photography.Darkroom - Send negative for processing for target\site\serenity\39e21ee06cc79f44e837d23a544839d7629a113d80d46e5efd6b349656cb6a7b.png
17:52:37.804 [main] DEBUG n.t.core.steps.StepInterceptor - STARTING STEP: Moisturizers_Selection.Moisturizer_select - {0} clicks on #target
17:52:37.804 [main] DEBUG n.s.s.targets.IFrameSwitcher - default content already selected for p
17:52:37.804 [Forwarding findElement on session 894a5667ed4874eae83f34446ccc6339 to remote] DEBUG o.a.netty.request.NettyRequestSender - Using pooled Channel '[id: 0x4555661c, L:/127.0.0.1:57365 - R:localhost/127.0.0.1:61800]' for 'POST' to 'http://localhost:61800/session/894a5667ed4874eae83f34446ccc6339/element'
17:52:37.804 [Forwarding findElement on session 894a5667ed4874eae83f34446ccc6339 to remote] DEBUG o.a.netty.request.NettyRequestSender - Using open Channel [id: 0x4555661c, L:/127.0.0.1:57365 - R:localhost/127.0.0.1:61800] for POST '/session/894a5667ed4874eae83f34446ccc6339/element'
17:52:37.822 [AsyncHttpClient-1-2] DEBUG o.a.netty.handler.HttpHandler - 

Request DefaultHttpRequest(decodeResult: success, version: HTTP/1.1)
POST /session/894a5667ed4874eae83f34446ccc6339/element HTTP/1.1
User-Agent: selenium/4.1.1 (java windows)
Content-Length: 156
Content-Type: application/json; charset=utf-8
host: localhost:61800
accept: */*

Response DefaultHttpResponse(decodeResult: success, version: HTTP/1.1)
HTTP/1.1 200 OK
Content-Type: application/json; charset=utf-8
cache-control: no-cache
content-length: 88

17:52:37.822 [AsyncHttpClient-1-2] DEBUG o.a.netty.channel.ChannelManager - Adding key: http://localhost:61800 for channel [id: 0x4555661c, L:/127.0.0.1:57365 - R:localhost/127.0.0.1:61800]
17:52:37.838 [Forwarding isElementDisplayed on session 894a5667ed4874eae83f34446ccc6339 to remote] DEBUG o.a.netty.request.NettyRequestSender - Using pooled Channel '[id: 0x4555661c, L:/127.0.0.1:57365 - R:localhost/127.0.0.1:61800]' for 'POST' to 'http://localhost:61800/session/894a5667ed4874eae83f34446ccc6339/execute/sync'
17:52:37.838 [Forwarding isElementDisplayed on session 894a5667ed4874eae83f34446ccc6339 to remote] DEBUG o.a.netty.request.NettyRequestSender - Using open Channel [id: 0x4555661c, L:/127.0.0.1:57365 - R:localhost/127.0.0.1:61800] for POST '/session/894a5667ed4874eae83f34446ccc6339/execute/sync'
17:52:37.854 [AsyncHttpClient-1-2] DEBUG o.a.netty.handler.HttpHandler - 

Request DefaultHttpRequest(decodeResult: success, version: HTTP/1.1)
POST /session/894a5667ed4874eae83f34446ccc6339/execute/sync HTTP/1.1
User-Agent: selenium/4.1.1 (java windows)
Content-Length: 48780
Content-Type: application/json; charset=utf-8
host: localhost:61800
accept: */*

Response DefaultHttpResponse(decodeResult: success, version: HTTP/1.1)
HTTP/1.1 200 OK
Content-Type: application/json; charset=utf-8
cache-control: no-cache
content-length: 14

17:52:37.854 [AsyncHttpClient-1-2] DEBUG o.a.netty.channel.ChannelManager - Adding key: http://localhost:61800 for channel [id: 0x4555661c, L:/127.0.0.1:57365 - R:localhost/127.0.0.1:61800]
17:52:37.854 [Forwarding findElement on session 894a5667ed4874eae83f34446ccc6339 to remote] DEBUG o.a.netty.request.NettyRequestSender - Using pooled Channel '[id: 0x4555661c, L:/127.0.0.1:57365 - R:localhost/127.0.0.1:61800]' for 'POST' to 'http://localhost:61800/session/894a5667ed4874eae83f34446ccc6339/element'
17:52:37.854 [Forwarding findElement on session 894a5667ed4874eae83f34446ccc6339 to remote] DEBUG o.a.netty.request.NettyRequestSender - Using open Channel [id: 0x4555661c, L:/127.0.0.1:57365 - R:localhost/127.0.0.1:61800] for POST '/session/894a5667ed4874eae83f34446ccc6339/element'
17:52:37.869 [AsyncHttpClient-1-2] DEBUG o.a.netty.handler.HttpHandler - 

Request DefaultHttpRequest(decodeResult: success, version: HTTP/1.1)
POST /session/894a5667ed4874eae83f34446ccc6339/element HTTP/1.1
User-Agent: selenium/4.1.1 (java windows)
Content-Length: 156
Content-Type: application/json; charset=utf-8
host: localhost:61800
accept: */*

Response DefaultHttpResponse(decodeResult: success, version: HTTP/1.1)
HTTP/1.1 200 OK
Content-Type: application/json; charset=utf-8
cache-control: no-cache
content-length: 88

17:52:37.869 [AsyncHttpClient-1-2] DEBUG o.a.netty.channel.ChannelManager - Adding key: http://localhost:61800 for channel [id: 0x4555661c, L:/127.0.0.1:57365 - R:localhost/127.0.0.1:61800]
17:52:37.869 [Forwarding clickElement on session 894a5667ed4874eae83f34446ccc6339 to remote] DEBUG o.a.netty.request.NettyRequestSender - Using pooled Channel '[id: 0x4555661c, L:/127.0.0.1:57365 - R:localhost/127.0.0.1:61800]' for 'POST' to 'http://localhost:61800/session/894a5667ed4874eae83f34446ccc6339/element/1099e277-7011-4b52-9aa8-2e628dd66493/click'
17:52:37.869 [Forwarding clickElement on session 894a5667ed4874eae83f34446ccc6339 to remote] DEBUG o.a.netty.request.NettyRequestSender - Using open Channel [id: 0x4555661c, L:/127.0.0.1:57365 - R:localhost/127.0.0.1:61800] for POST '/session/894a5667ed4874eae83f34446ccc6339/element/1099e277-7011-4b52-9aa8-2e628dd66493/click'
17:52:38.030 [AsyncHttpClient-1-2] DEBUG o.a.netty.handler.HttpHandler - 

Request DefaultHttpRequest(decodeResult: success, version: HTTP/1.1)
POST /session/894a5667ed4874eae83f34446ccc6339/element/1099e277-7011-4b52-9aa8-2e628dd66493/click HTTP/1.1
User-Agent: selenium/4.1.1 (java windows)
Content-Length: 50
Content-Type: application/json; charset=utf-8
host: localhost:61800
accept: */*

Response DefaultHttpResponse(decodeResult: success, version: HTTP/1.1)
HTTP/1.1 200 OK
Content-Type: application/json; charset=utf-8
cache-control: no-cache
content-length: 14

[...]
17:52:56.508 [Forwarding isElementDisplayed on session 894a5667ed4874eae83f34446ccc6339 to remote] DEBUG o.a.netty.request.NettyRequestSender - Using open Channel [id: 0x4555661c, L:/127.0.0.1:57365 - R:localhost/127.0.0.1:61800] for POST '/session/894a5667ed4874eae83f34446ccc6339/execute/sync'
17:52:56.508 [AsyncHttpClient-1-2] DEBUG o.a.netty.handler.HttpHandler - 

Request DefaultHttpRequest(decodeResult: success, version: HTTP/1.1)
POST /session/894a5667ed4874eae83f34446ccc6339/execute/sync HTTP/1.1
User-Agent: selenium/4.1.1 (java windows)
Content-Length: 48780
Content-Type: application/json; charset=utf-8
host: localhost:61800
accept: */*

Response DefaultHttpResponse(decodeResult: success, version: HTTP/1.1)
HTTP/1.1 200 OK
Content-Type: application/json; charset=utf-8
cache-control: no-cache
content-length: 14

17:52:56.508 [AsyncHttpClient-1-2] DEBUG o.a.netty.channel.ChannelManager - Adding key: http://localhost:61800 for channel [id: 0x4555661c, L:/127.0.0.1:57365 - R:localhost/127.0.0.1:61800]
17:52:56.524 [Forwarding isElementDisplayed on session 894a5667ed4874eae83f34446ccc6339 to remote] DEBUG o.a.netty.request.NettyRequestSender - Using pooled Channel '[id: 0x4555661c, L:/127.0.0.1:57365 - R:localhost/127.0.0.1:61800]' for 'POST' to 'http://localhost:61800/session/894a5667ed4874eae83f34446ccc6339/execute/sync'
17:52:56.524 [Forwarding isElementDisplayed on session 894a5667ed4874eae83f34446ccc6339 to remote] DEBUG o.a.netty.request.NettyRequestSender - Using open Channel [id: 0x4555661c, L:/127.0.0.1:57365 - R:localhost/127.0.0.1:61800] for POST '/session/894a5667ed4874eae83f34446ccc6339/execute/sync'
17:52:56.524 [AsyncHttpClient-1-2] DEBUG o.a.netty.handler.HttpHandler - 

Request DefaultHttpRequest(decodeResult: success, version: HTTP/1.1)
POST /session/894a5667ed4874eae83f34446ccc6339/execute/sync HTTP/1.1
User-Agent: selenium/4.1.1 (java windows)
Content-Length: 48780
Content-Type: application/json; charset=utf-8
host: localhost:61800
accept: */*

Response DefaultHttpResponse(decodeResult: success, version: HTTP/1.1)
HTTP/1.1 200 OK
Content-Type: application/json; charset=utf-8
cache-control: no-cache
content-length: 14

17:52:56.524 [AsyncHttpClient-1-2] DEBUG o.a.netty.channel.ChannelManager - Adding key: http://localhost:61800 for channel [id: 0x4555661c, L:/127.0.0.1:57365 - R:localhost/127.0.0.1:61800]
17:52:56.540 [Forwarding isElementDisplayed on session 894a5667ed4874eae83f34446ccc6339 to remote] DEBUG o.a.netty.request.NettyRequestSender - Using pooled Channel '[id: 0x4555661c, L:/127.0.0.1:57365 - R:localhost/127.0.0.1:61800]' for 'POST' to 'http://localhost:61800/session/894a5667ed4874eae83f34446ccc6339/execute/sync'
17:52:56.540 [Forwarding isElementDisplayed on session 894a5667ed4874eae83f34446ccc6339 to remote] DEBUG o.a.netty.request.NettyRequestSender - Using open Channel [id: 0x4555661c, L:/127.0.0.1:57365 - R:localhost/127.0.0.1:61800] for POST '/session/894a5667ed4874eae83f34446ccc6339/execute/sync'
17:52:56.540 [AsyncHttpClient-1-2] DEBUG o.a.netty.handler.HttpHandler - 

Request DefaultHttpRequest(decodeResult: success, version: HTTP/1.1)
POST /session/894a5667ed4874eae83f34446ccc6339/execute/sync HTTP/1.1
User-Agent: selenium/4.1.1 (java windows)
Content-Length: 48780
Content-Type: application/json; charset=utf-8
host: localhost:61800
accept: */*

Response DefaultHttpResponse(decodeResult: success, version: HTTP/1.1)
HTTP/1.1 200 OK
Content-Type: application/json; charset=utf-8
cache-control: no-cache
content-length: 14

17:52:56.540 [AsyncHttpClient-1-2] DEBUG o.a.netty.channel.ChannelManager - Adding key: http://localhost:61800 for channel [id: 0x4555661c, L:/127.0.0.1:57365 - R:localhost/127.0.0.1:61800]
17:52:56.540 [Forwarding isElementDisplayed on session 894a5667ed4874eae83f34446ccc6339 to remote] DEBUG o.a.netty.request.NettyRequestSender - Using pooled Channel '[id: 0x4555661c, L:/127.0.0.1:57365 - R:localhost/127.0.0.1:61800]' for 'POST' to 'http://localhost:61800/session/894a5667ed4874eae83f34446ccc6339/execute/sync'
17:52:56.540 [Forwarding isElementDisplayed on session 894a5667ed4874eae83f34446ccc6339 to remote] DEBUG o.a.netty.request.NettyRequestSender - Using open Channel [id: 0x4555661c, L:/127.0.0.1:57365 - R:localhost/127.0.0.1:61800] for POST '/session/894a5667ed4874eae83f34446ccc6339/execute/sync'
17:52:56.557 [AsyncHttpClient-1-2] DEBUG o.a.netty.handler.HttpHandler - 

Request DefaultHttpRequest(decodeResult: success, version: HTTP/1.1)
POST /session/894a5667ed4874eae83f34446ccc6339/execute/sync HTTP/1.1
User-Agent: selenium/4.1.1 (java windows)
Content-Length: 48780
Content-Type: application/json; charset=utf-8
host: localhost:61800
accept: */*

Response DefaultHttpResponse(decodeResult: success, version: HTTP/1.1)
HTTP/1.1 200 OK
Content-Type: application/json; charset=utf-8
cache-control: no-cache
content-length: 14

17:52:56.557 [AsyncHttpClient-1-2] DEBUG o.a.netty.channel.ChannelManager - Adding key: http://localhost:61800 for channel [id: 0x4555661c, L:/127.0.0.1:57365 - R:localhost/127.0.0.1:61800]
17:52:56.557 [Forwarding getElementAttribute on session 894a5667ed4874eae83f34446ccc6339 to remote] DEBUG o.a.netty.request.NettyRequestSender - Using pooled Channel '[id: 0x4555661c, L:/127.0.0.1:57365 - R:localhost/127.0.0.1:61800]' for 'POST' to 'http://localhost:61800/session/894a5667ed4874eae83f34446ccc6339/execute/sync'
17:52:56.557 [Forwarding getElementAttribute on session 894a5667ed4874eae83f34446ccc6339 to remote] DEBUG o.a.netty.request.NettyRequestSender - Using open Channel [id: 0x4555661c, L:/127.0.0.1:57365 - R:localhost/127.0.0.1:61800] for POST '/session/894a5667ed4874eae83f34446ccc6339/execute/sync'
17:52:56.573 [AsyncHttpClient-1-2] DEBUG o.a.netty.handler.HttpHandler - 

Request DefaultHttpRequest(decodeResult: success, version: HTTP/1.1)
POST /session/894a5667ed4874eae83f34446ccc6339/execute/sync HTTP/1.1
User-Agent: selenium/4.1.1 (java windows)
Content-Length: 47340
Content-Type: application/json; charset=utf-8
host: localhost:61800
accept: */*

Response DefaultHttpResponse(decodeResult: success, version: HTTP/1.1)
HTTP/1.1 200 OK
Content-Type: application/json; charset=utf-8
cache-control: no-cache
content-length: 14

17:52:56.573 [AsyncHttpClient-1-2] DEBUG o.a.netty.channel.ChannelManager - Adding key: http://localhost:61800 for channel [id: 0x4555661c, L:/127.0.0.1:57365 - R:localhost/127.0.0.1:61800]
17:52:56.573 [Forwarding getElementText on session 894a5667ed4874eae83f34446ccc6339 to remote] DEBUG o.a.netty.request.NettyRequestSender - Using pooled Channel '[id: 0x4555661c, L:/127.0.0.1:57365 - R:localhost/127.0.0.1:61800]' for 'GET' to 'http://localhost:61800/session/894a5667ed4874eae83f34446ccc6339/element/1ae3cc73-6668-4633-a4c3-8f87cdfd588e/text'
17:52:56.573 [Forwarding getElementText on session 894a5667ed4874eae83f34446ccc6339 to remote] DEBUG o.a.netty.request.NettyRequestSender - Using open Channel [id: 0x4555661c, L:/127.0.0.1:57365 - R:localhost/127.0.0.1:61800] for GET '/session/894a5667ed4874eae83f34446ccc6339/element/1ae3cc73-6668-4633-a4c3-8f87cdfd588e/text'
17:52:56.589 [AsyncHttpClient-1-2] DEBUG o.a.netty.handler.HttpHandler - 

Request DefaultFullHttpRequest(decodeResult: success, version: HTTP/1.1, content: EmptyByteBufBE)
GET /session/894a5667ed4874eae83f34446ccc6339/element/1ae3cc73-6668-4633-a4c3-8f87cdfd588e/text HTTP/1.1
User-Agent: selenium/4.1.1 (java windows)
Cache-Control: no-cache
Content-Type: application/json; charset=utf-8
host: localhost:61800
accept: */*

Response DefaultHttpResponse(decodeResult: success, version: HTTP/1.1)
HTTP/1.1 200 OK
Content-Type: application/json; charset=utf-8
cache-control: no-cache
content-length: 27

17:52:56.589 [AsyncHttpClient-1-2] DEBUG o.a.netty.channel.ChannelManager - Adding key: http://localhost:61800 for channel [id: 0x4555661c, L:/127.0.0.1:57365 - R:localhost/127.0.0.1:61800]
17:52:56.589 [Forwarding getElementText on session 894a5667ed4874eae83f34446ccc6339 to remote] DEBUG o.a.netty.request.NettyRequestSender - Using pooled Channel '[id: 0x4555661c, L:/127.0.0.1:57365 - R:localhost/127.0.0.1:61800]' for 'GET' to 'http://localhost:61800/session/894a5667ed4874eae83f34446ccc6339/element/1ae3cc73-6668-4633-a4c3-8f87cdfd588e/text'
17:52:56.589 [Forwarding getElementText on session 894a5667ed4874eae83f34446ccc6339 to remote] DEBUG o.a.netty.request.NettyRequestSender - Using open Channel [id: 0x4555661c, L:/127.0.0.1:57365 - R:localhost/127.0.0.1:61800] for GET '/session/894a5667ed4874eae83f34446ccc6339/element/1ae3cc73-6668-4633-a4c3-8f87cdfd588e/text'
17:52:56.589 [AsyncHttpClient-1-2] DEBUG o.a.netty.handler.HttpHandler - 

Request DefaultFullHttpRequest(decodeResult: success, version: HTTP/1.1, content: EmptyByteBufBE)
GET /session/894a5667ed4874eae83f34446ccc6339/element/1ae3cc73-6668-4633-a4c3-8f87cdfd588e/text HTTP/1.1
User-Agent: selenium/4.1.1 (java windows)
Cache-Control: no-cache
Content-Type: application/json; charset=utf-8
host: localhost:61800
accept: */*

Response DefaultHttpResponse(decodeResult: success, version: HTTP/1.1)
HTTP/1.1 200 OK
Content-Type: application/json; charset=utf-8
cache-control: no-cache
content-length: 27

17:52:56.589 [AsyncHttpClient-1-2] DEBUG o.a.netty.channel.ChannelManager - Adding key: http://localhost:61800 for channel [id: 0x4555661c, L:/127.0.0.1:57365 - R:localhost/127.0.0.1:61800]
17:52:56.712 [main] DEBUG n.s.s.targets.IFrameSwitcher - default content already selected for h2
17:52:56.728 [Forwarding findElement on session 894a5667ed4874eae83f34446ccc6339 to remote] DEBUG o.a.netty.request.NettyRequestSender - Using pooled Channel '[id: 0x4555661c, L:/127.0.0.1:57365 - R:localhost/127.0.0.1:61800]' for 'POST' to 'http://localhost:61800/session/894a5667ed4874eae83f34446ccc6339/element'
17:52:56.728 [Forwarding findElement on session 894a5667ed4874eae83f34446ccc6339 to remote] DEBUG o.a.netty.request.NettyRequestSender - Using open Channel [id: 0x4555661c, L:/127.0.0.1:57365 - R:localhost/127.0.0.1:61800] for POST '/session/894a5667ed4874eae83f34446ccc6339/element'
17:52:56.754 [AsyncHttpClient-1-2] DEBUG o.a.netty.handler.HttpHandler - 

Request DefaultHttpRequest(decodeResult: success, version: HTTP/1.1)
POST /session/894a5667ed4874eae83f34446ccc6339/element HTTP/1.1
User-Agent: selenium/4.1.1 (java windows)
Content-Length: 87
Content-Type: application/json; charset=utf-8
host: localhost:61800
accept: */*

Response DefaultHttpResponse(decodeResult: success, version: HTTP/1.1)
HTTP/1.1 200 OK
Content-Type: application/json; charset=utf-8
cache-control: no-cache
content-length: 88

17:52:56.754 [AsyncHttpClient-1-2] DEBUG o.a.netty.channel.ChannelManager - Adding key: http://localhost:61800 for channel [id: 0x4555661c, L:/127.0.0.1:57365 - R:localhost/127.0.0.1:61800]
17:52:56.763 [Forwarding isElementDisplayed on session 894a5667ed4874eae83f34446ccc6339 to remote] DEBUG o.a.netty.request.NettyRequestSender - Using pooled Channel '[id: 0x4555661c, L:/127.0.0.1:57365 - R:localhost/127.0.0.1:61800]' for 'POST' to 'http://localhost:61800/session/894a5667ed4874eae83f34446ccc6339/execute/sync'
17:52:56.763 [Forwarding isElementDisplayed on session 894a5667ed4874eae83f34446ccc6339 to remote] DEBUG o.a.netty.request.NettyRequestSender - Using open Channel [id: 0x4555661c, L:/127.0.0.1:57365 - R:localhost/127.0.0.1:61800] for POST '/session/894a5667ed4874eae83f34446ccc6339/execute/sync'
17:52:56.777 [AsyncHttpClient-1-2] DEBUG o.a.netty.handler.HttpHandler - 

Request DefaultHttpRequest(decodeResult: success, version: HTTP/1.1)
POST /session/894a5667ed4874eae83f34446ccc6339/execute/sync HTTP/1.1
User-Agent: selenium/4.1.1 (java windows)
Content-Length: 48780
Content-Type: application/json; charset=utf-8
host: localhost:61800
accept: */*

Response DefaultHttpResponse(decodeResult: success, version: HTTP/1.1)
HTTP/1.1 200 OK
Content-Type: application/json; charset=utf-8
cache-control: no-cache
content-length: 14

17:52:56.777 [AsyncHttpClient-1-2] DEBUG o.a.netty.channel.ChannelManager - Adding key: http://localhost:61800 for channel [id: 0x4555661c, L:/127.0.0.1:57365 - R:localhost/127.0.0.1:61800]
17:52:56.785 [Forwarding screenshot on session 894a5667ed4874eae83f34446ccc6339 to remote] DEBUG o.a.netty.request.NettyRequestSender - Using pooled Channel '[id: 0x4555661c, L:/127.0.0.1:57365 - R:localhost/127.0.0.1:61800]' for 'GET' to 'http://localhost:61800/session/894a5667ed4874eae83f34446ccc6339/screenshot'
17:52:56.785 [Forwarding screenshot on session 894a5667ed4874eae83f34446ccc6339 to remote] DEBUG o.a.netty.request.NettyRequestSender - Using open Channel [id: 0x4555661c, L:/127.0.0.1:57365 - R:localhost/127.0.0.1:61800] for GET '/session/894a5667ed4874eae83f34446ccc6339/screenshot'
17:52:56.979 [AsyncHttpClient-1-2] DEBUG o.a.netty.handler.HttpHandler - 

Request DefaultFullHttpRequest(decodeResult: success, version: HTTP/1.1, content: EmptyByteBufBE)
GET /session/894a5667ed4874eae83f34446ccc6339/screenshot HTTP/1.1
User-Agent: selenium/4.1.1 (java windows)
Cache-Control: no-cache
Content-Type: application/json; charset=utf-8
host: localhost:61800
accept: */*

Response DefaultHttpResponse(decodeResult: success, version: HTTP/1.1)
HTTP/1.1 200 OK
Content-Type: application/json; charset=utf-8
cache-control: no-cache
content-length: 41040

17:52:56.980 [AsyncHttpClient-1-2] DEBUG o.a.netty.channel.ChannelManager - Adding key: http://localhost:61800 for channel [id: 0x4555661c, L:/127.0.0.1:57365 - R:localhost/127.0.0.1:61800]
17:52:56.984 [main] DEBUG n.s.core.photography.Darkroom - Send negative for processing for target\site\serenity\c196354812b85a14d97d93dd7fac95f23824b66f3a6a5c9484bd934729561515.png
17:52:56.984 [main] DEBUG n.t.core.steps.StepInterceptor - STEP DONE: !#title
17:52:56.984 [Darkroom Processing Line] DEBUG n.s.c.p.DarkroomProcessingLine - Processing screenshot image in /var/screenshots/screenshot-5412317036126997205
17:52:56.984 [Darkroom Processing Line] DEBUG n.s.c.p.DarkroomProcessingLine - Saving screenshot to target\site\serenity\c196354812b85a14d97d93dd7fac95f23824b66f3a6a5c9484bd934729561515.png
17:52:57.069 [AsyncHttpClient-1-1] DEBUG o.a.netty.channel.DefaultChannelPool - Entry count for : http://localhost:61800 : 1
17:52:57.069 [AsyncHttpClient-1-1] DEBUG o.a.netty.channel.DefaultChannelPool - Entry count for : http://localhost:57366 : 1
17:52:57.100 [Forwarding screenshot on session 894a5667ed4874eae83f34446ccc6339 to remote] DEBUG o.a.netty.request.NettyRequestSender - Using pooled Channel '[id: 0x4555661c, L:/127.0.0.1:57365 - R:localhost/127.0.0.1:61800]' for 'GET' to 'http://localhost:61800/session/894a5667ed4874eae83f34446ccc6339/screenshot'
17:52:57.101 [Forwarding screenshot on session 894a5667ed4874eae83f34446ccc6339 to remote] DEBUG o.a.netty.request.NettyRequestSender - Using open Channel [id: 0x4555661c, L:/127.0.0.1:57365 - R:localhost/127.0.0.1:61800] for GET '/session/894a5667ed4874eae83f34446ccc6339/screenshot'
17:52:57.280 [AsyncHttpClient-1-2] DEBUG o.a.netty.handler.HttpHandler - 

Request DefaultFullHttpRequest(decodeResult: success, version: HTTP/1.1, content: EmptyByteBufBE)
GET /session/894a5667ed4874eae83f34446ccc6339/screenshot HTTP/1.1
User-Agent: selenium/4.1.1 (java windows)
Cache-Control: no-cache
Content-Type: application/json; charset=utf-8
host: localhost:61800
accept: */*

Response DefaultHttpResponse(decodeResult: success, version: HTTP/1.1)
HTTP/1.1 200 OK
Content-Type: application/json; charset=utf-8
cache-control: no-cache
content-length: 41040

17:52:57.280 [AsyncHttpClient-1-2] DEBUG o.a.netty.channel.ChannelManager - Adding key: http://localhost:61800 for channel [id: 0x4555661c, L:/127.0.0.1:57365 - R:localhost/127.0.0.1:61800]
17:52:57.283 [main] DEBUG n.s.core.photography.Darkroom - Send negative for processing for target\site\serenity\c196354812b85a14d97d93dd7fac95f23824b66f3a6a5c9484bd934729561515.png
17:52:57.285 [main] DEBUG n.s.s.targets.IFrameSwitcher - default content already selected for h2
17:52:57.288 [Forwarding findElement on session 894a5667ed4874eae83f34446ccc6339 to remote] DEBUG o.a.netty.request.NettyRequestSender - Using pooled Channel '[id: 0x4555661c, L:/127.0.0.1:57365 - R:localhost/127.0.0.1:61800]' for 'POST' to 'http://localhost:61800/session/894a5667ed4874eae83f34446ccc6339/element'
17:52:57.288 [Forwarding findElement on session 894a5667ed4874eae83f34446ccc6339 to remote] DEBUG o.a.netty.request.NettyRequestSender - Using open Channel [id: 0x4555661c, L:/127.0.0.1:57365 - R:localhost/127.0.0.1:61800] for POST '/session/894a5667ed4874eae83f34446ccc6339/element'
17:52:57.297 [AsyncHttpClient-1-2] DEBUG o.a.netty.handler.HttpHandler - 

Request DefaultHttpRequest(decodeResult: success, version: HTTP/1.1)
POST /session/894a5667ed4874eae83f34446ccc6339/element HTTP/1.1
User-Agent: selenium/4.1.1 (java windows)
Content-Length: 87
Content-Type: application/json; charset=utf-8
host: localhost:61800
accept: */*

Response DefaultHttpResponse(decodeResult: success, version: HTTP/1.1)
HTTP/1.1 200 OK
Content-Type: application/json; charset=utf-8
cache-control: no-cache
content-length: 88

17:52:57.297 [AsyncHttpClient-1-2] DEBUG o.a.netty.channel.ChannelManager - Adding key: http://localhost:61800 for channel [id: 0x4555661c, L:/127.0.0.1:57365 - R:localhost/127.0.0.1:61800]
17:52:57.301 [Forwarding isElementDisplayed on session 894a5667ed4874eae83f34446ccc6339 to remote] DEBUG o.a.netty.request.NettyRequestSender - Using pooled Channel '[id: 0x4555661c, L:/127.0.0.1:57365 - R:localhost/127.0.0.1:61800]' for 'POST' to 'http://localhost:61800/session/894a5667ed4874eae83f34446ccc6339/execute/sync'
17:52:57.301 [Forwarding isElementDisplayed on session 894a5667ed4874eae83f34446ccc6339 to remote] DEBUG o.a.netty.request.NettyRequestSender - Using open Channel [id: 0x4555661c, L:/127.0.0.1:57365 - R:localhost/127.0.0.1:61800] for POST '/session/894a5667ed4874eae83f34446ccc6339/execute/sync'
17:52:57.314 [AsyncHttpClient-1-2] DEBUG o.a.netty.handler.HttpHandler - 

Request DefaultHttpRequest(decodeResult: success, version: HTTP/1.1)
POST /session/894a5667ed4874eae83f34446ccc6339/execute/sync HTTP/1.1
User-Agent: selenium/4.1.1 (java windows)
Content-Length: 48780
Content-Type: application/json; charset=utf-8
host: localhost:61800
accept: */*

Response DefaultHttpResponse(decodeResult: success, version: HTTP/1.1)
HTTP/1.1 200 OK
Content-Type: application/json; charset=utf-8
cache-control: no-cache
content-length: 14

17:52:57.314 [AsyncHttpClient-1-2] DEBUG o.a.netty.channel.ChannelManager - Adding key: http://localhost:61800 for channel [id: 0x4555661c, L:/127.0.0.1:57365 - R:localhost/127.0.0.1:61800]
17:52:57.454 [main] INFO   - 
  _____   ___   ___   _____     ___     _     ___   ___   ___   ___  
 |_   _| | __| / __| |_   _|   | _ \   /_\   / __| / __| | __| |   \ 
   | |   | _|  \__ \   | |     |  _/  / _ \  \__ \ \__ \ | _|  | |) |
   |_|   |___| |___/   |_|     |_|   /_/ \_\ |___/ |___/ |___| |___/ 

User buy items
----------------------------------------------------------------------
]]></system-out>
    <system-err><![CDATA[Starting ChromeDriver 98.0.4758.80 (7f0488e8ba0d8e019187c6325a16c29d9b7f4989-refs/branch-heads/4758@{#972}) on port 61800
Only local connections are allowed.
Please see https://chromedriver.chromium.org/security-considerations for suggestions on keeping ChromeDriver safe.
ChromeDriver was started successfully.
Feb 15, 2022 5:52:28 PM org.openqa.selenium.remote.ProtocolHandshake createSession
INFO: Detected dialect: W3C
Feb 15, 2022 5:52:29 PM org.openqa.selenium.devtools.CdpVersionFinder findNearestMatch
WARNING: Unable to find an exact match for CDP version 98, so returning the closest version found: 96
Feb 15, 2022 5:52:29 PM org.openqa.selenium.devtools.CdpVersionFinder findNearestMatch
INFO: Found CDP implementation for version 98 of 96
]]></system-err>
  </testcase>
</testsuite>